Warning[205] C:\USERS\USER\MPLABXPROJECTS\LAB6_2.X\ADVANCED.ASM 1 : Found directive in column 1. (LIST)
Warning[207] C:\USERS\USER\MPLABXPROJECTS\LAB6_2.X\ADVANCED.ASM 7 : Found label after column 1. (L1)
Warning[207] C:\USERS\USER\MPLABXPROJECTS\LAB6_2.X\ADVANCED.ASM 8 : Found label after column 1. (L2)
Warning[205] C:\USERS\USER\MPLABXPROJECTS\LAB6_2.X\ADVANCED.ASM 33 : Found directive in column 1. (endm)
Warning[203] C:\USERS\USER\MPLABXPROJECTS\LAB6_2.X\ADVANCED.ASM 39 : Found opcode in column 1. (MOVLW)
Warning[203] C:\USERS\USER\MPLABXPROJECTS\LAB6_2.X\ADVANCED.ASM 40 : Found opcode in column 1. (MOVWF)
Warning[203] C:\USERS\USER\MPLABXPROJECTS\LAB6_2.X\ADVANCED.ASM 41 : Found opcode in column 1. (CLRF)
Warning[203] C:\USERS\USER\MPLABXPROJECTS\LAB6_2.X\ADVANCED.ASM 42 : Found opcode in column 1. (BSF)
Warning[203] C:\USERS\USER\MPLABXPROJECTS\LAB6_2.X\ADVANCED.ASM 43 : Found opcode in column 1. (CLRF)
Warning[203] C:\USERS\USER\MPLABXPROJECTS\LAB6_2.X\ADVANCED.ASM 44 : Found opcode in column 1. (BCF)
Warning[203] C:\USERS\USER\MPLABXPROJECTS\LAB6_2.X\ADVANCED.ASM 45 : Found opcode in column 1. (BCF)
Warning[203] C:\USERS\USER\MPLABXPROJECTS\LAB6_2.X\ADVANCED.ASM 46 : Found opcode in column 1. (BCF)
Warning[203] C:\USERS\USER\MPLABXPROJECTS\LAB6_2.X\ADVANCED.ASM 47 : Found opcode in column 1. (BCF)
Warning[207] C:\USERS\USER\MPLABXPROJECTS\LAB6_2.X\ADVANCED.ASM 19 : Found label after column 1. (LOOP2)
Warning[207] C:\USERS\USER\MPLABXPROJECTS\LAB6_2.X\ADVANCED.ASM 22 : Found label after column 1. (LOOP1)
Warning[207] C:\USERS\USER\MPLABXPROJECTS\LAB6_2.X\ADVANCED.ASM 19 : Found label after column 1. (LOOP2)
Warning[207] C:\USERS\USER\MPLABXPROJECTS\LAB6_2.X\ADVANCED.ASM 22 : Found label after column 1. (LOOP1)
Warning[207] C:\USERS\USER\MPLABXPROJECTS\LAB6_2.X\ADVANCED.ASM 19 : Found label after column 1. (LOOP2)
Warning[207] C:\USERS\USER\MPLABXPROJECTS\LAB6_2.X\ADVANCED.ASM 22 : Found label after column 1. (LOOP1)
Warning[207] C:\USERS\USER\MPLABXPROJECTS\LAB6_2.X\ADVANCED.ASM 19 : Found label after column 1. (LOOP2)
Warning[207] C:\USERS\USER\MPLABXPROJECTS\LAB6_2.X\ADVANCED.ASM 22 : Found label after column 1. (LOOP1)
Warning[207] C:\USERS\USER\MPLABXPROJECTS\LAB6_2.X\ADVANCED.ASM 19 : Found label after column 1. (LOOP2)
Warning[207] C:\USERS\USER\MPLABXPROJECTS\LAB6_2.X\ADVANCED.ASM 22 : Found label after column 1. (LOOP1)
Warning[205] C:\USERS\USER\MPLABXPROJECTS\LAB6_2.X\ADVANCED.ASM 77 : Found directive in column 1. (end)
