Warning[205] C:\USERS\USER\MPLABXPROJECTS\LAB6_1.X\BASIC.ASM 1 : Found directive in column 1. (LIST)
Warning[207] C:\USERS\USER\MPLABXPROJECTS\LAB6_1.X\BASIC.ASM 7 : Found label after column 1. (L1)
Warning[207] C:\USERS\USER\MPLABXPROJECTS\LAB6_1.X\BASIC.ASM 8 : Found label after column 1. (L2)
Warning[205] C:\USERS\USER\MPLABXPROJECTS\LAB6_1.X\BASIC.ASM 32 : Found directive in column 1. (endm)
Warning[203] C:\USERS\USER\MPLABXPROJECTS\LAB6_1.X\BASIC.ASM 37 : Found opcode in column 1. (MOVLW)
Warning[203] C:\USERS\USER\MPLABXPROJECTS\LAB6_1.X\BASIC.ASM 38 : Found opcode in column 1. (MOVWF)
Warning[203] C:\USERS\USER\MPLABXPROJECTS\LAB6_1.X\BASIC.ASM 39 : Found opcode in column 1. (CLRF)
Warning[203] C:\USERS\USER\MPLABXPROJECTS\LAB6_1.X\BASIC.ASM 40 : Found opcode in column 1. (BSF)
Warning[203] C:\USERS\USER\MPLABXPROJECTS\LAB6_1.X\BASIC.ASM 41 : Found opcode in column 1. (CLRF)
Warning[203] C:\USERS\USER\MPLABXPROJECTS\LAB6_1.X\BASIC.ASM 42 : Found opcode in column 1. (BCF)
Warning[203] C:\USERS\USER\MPLABXPROJECTS\LAB6_1.X\BASIC.ASM 43 : Found opcode in column 1. (BCF)
Warning[203] C:\USERS\USER\MPLABXPROJECTS\LAB6_1.X\BASIC.ASM 44 : Found opcode in column 1. (BCF)
Warning[203] C:\USERS\USER\MPLABXPROJECTS\LAB6_1.X\BASIC.ASM 45 : Found opcode in column 1. (BCF)
Warning[207] C:\USERS\USER\MPLABXPROJECTS\LAB6_1.X\BASIC.ASM 19 : Found label after column 1. (LOOP2)
Warning[207] C:\USERS\USER\MPLABXPROJECTS\LAB6_1.X\BASIC.ASM 22 : Found label after column 1. (LOOP1)
Warning[207] C:\USERS\USER\MPLABXPROJECTS\LAB6_1.X\BASIC.ASM 19 : Found label after column 1. (LOOP2)
Warning[207] C:\USERS\USER\MPLABXPROJECTS\LAB6_1.X\BASIC.ASM 22 : Found label after column 1. (LOOP1)
Warning[207] C:\USERS\USER\MPLABXPROJECTS\LAB6_1.X\BASIC.ASM 19 : Found label after column 1. (LOOP2)
Warning[207] C:\USERS\USER\MPLABXPROJECTS\LAB6_1.X\BASIC.ASM 22 : Found label after column 1. (LOOP1)
Warning[207] C:\USERS\USER\MPLABXPROJECTS\LAB6_1.X\BASIC.ASM 19 : Found label after column 1. (LOOP2)
Warning[207] C:\USERS\USER\MPLABXPROJECTS\LAB6_1.X\BASIC.ASM 22 : Found label after column 1. (LOOP1)
Warning[207] C:\USERS\USER\MPLABXPROJECTS\LAB6_1.X\BASIC.ASM 19 : Found label after column 1. (LOOP2)
Warning[207] C:\USERS\USER\MPLABXPROJECTS\LAB6_1.X\BASIC.ASM 22 : Found label after column 1. (LOOP1)
Warning[205] C:\USERS\USER\MPLABXPROJECTS\LAB6_1.X\BASIC.ASM 87 : Found directive in column 1. (end)
