Warning[207] C:\USERS\USER\MPLABXPROJECTS\LAB7.X\BASIC.ASM 58 : Found label after column 1. (L1)
Warning[207] C:\USERS\USER\MPLABXPROJECTS\LAB7.X\BASIC.ASM 59 : Found label after column 1. (L2)
Warning[205] C:\USERS\USER\MPLABXPROJECTS\LAB7.X\BASIC.ASM 81 : Found directive in column 1. (endm)
Warning[203] C:\USERS\USER\MPLABXPROJECTS\LAB7.X\BASIC.ASM 86 : Found opcode in column 1. (goto)
Warning[207] C:\USERS\USER\MPLABXPROJECTS\LAB7.X\BASIC.ASM 96 : Found label after column 1. (cont)
Warning[207] C:\USERS\USER\MPLABXPROJECTS\LAB7.X\BASIC.ASM 67 : Found label after column 1. (LOOP2)
Warning[202] C:\USERS\USER\MPLABXPROJECTS\LAB7.X\BASIC.ASM 68 : Argument out of range.  Least significant bits used.
Warning[207] C:\USERS\USER\MPLABXPROJECTS\LAB7.X\BASIC.ASM 70 : Found label after column 1. (LOOP1)
Warning[207] C:\USERS\USER\MPLABXPROJECTS\LAB7.X\BASIC.ASM 67 : Found label after column 1. (LOOP2)
Warning[202] C:\USERS\USER\MPLABXPROJECTS\LAB7.X\BASIC.ASM 68 : Argument out of range.  Least significant bits used.
Warning[207] C:\USERS\USER\MPLABXPROJECTS\LAB7.X\BASIC.ASM 70 : Found label after column 1. (LOOP1)
Warning[207] C:\USERS\USER\MPLABXPROJECTS\LAB7.X\BASIC.ASM 67 : Found label after column 1. (LOOP2)
Warning[202] C:\USERS\USER\MPLABXPROJECTS\LAB7.X\BASIC.ASM 68 : Argument out of range.  Least significant bits used.
Warning[207] C:\USERS\USER\MPLABXPROJECTS\LAB7.X\BASIC.ASM 70 : Found label after column 1. (LOOP1)
Warning[207] C:\USERS\USER\MPLABXPROJECTS\LAB7.X\BASIC.ASM 67 : Found label after column 1. (LOOP2)
Warning[202] C:\USERS\USER\MPLABXPROJECTS\LAB7.X\BASIC.ASM 68 : Argument out of range.  Least significant bits used.
Warning[207] C:\USERS\USER\MPLABXPROJECTS\LAB7.X\BASIC.ASM 70 : Found label after column 1. (LOOP1)
Warning[207] C:\USERS\USER\MPLABXPROJECTS\LAB7.X\BASIC.ASM 67 : Found label after column 1. (LOOP2)
Warning[202] C:\USERS\USER\MPLABXPROJECTS\LAB7.X\BASIC.ASM 68 : Argument out of range.  Least significant bits used.
Warning[207] C:\USERS\USER\MPLABXPROJECTS\LAB7.X\BASIC.ASM 70 : Found label after column 1. (LOOP1)
Warning[207] C:\USERS\USER\MPLABXPROJECTS\LAB7.X\BASIC.ASM 67 : Found label after column 1. (LOOP2)
Warning[202] C:\USERS\USER\MPLABXPROJECTS\LAB7.X\BASIC.ASM 68 : Argument out of range.  Least significant bits used.
Warning[207] C:\USERS\USER\MPLABXPROJECTS\LAB7.X\BASIC.ASM 70 : Found label after column 1. (LOOP1)
Warning[205] C:\USERS\USER\MPLABXPROJECTS\LAB7.X\BASIC.ASM 158 : Found directive in column 1. (end)
