

Microchip MPLAB XC8 Assembler V2.45 build 20230818022343 
                                                                                               Thu Dec 21 17:11:21 2023

Microchip MPLAB XC8 C Compiler v2.45 (Free license) build 20230818022343 Og1 
     1                           	processor	18F4520
     2                           	fnconf	rparam,??,?,0
     3                           	pagewidth 120
     4                           	opt	flic
     5                           	psect	cinit,global,reloc=2,class=CODE,delta=1
     6                           	psect	bssCOMRAM,global,class=COMRAM,space=1,delta=1,lowdata,noexec
     7                           	psect	cstackCOMRAM,global,class=COMRAM,space=1,delta=1,lowdata,noexec
     8                           	psect	text0,global,reloc=2,class=CODE,delta=1
     9                           	psect	text1,global,reloc=2,class=CODE,delta=1
    10                           	psect	text2,global,reloc=2,class=CODE,delta=1
    11                           	psect	text3,global,reloc=2,class=CODE,delta=1
    12                           	psect	text4,global,reloc=2,class=CODE,delta=1
    13                           	psect	text5,global,reloc=2,class=CODE,delta=1
    14                           	psect	intcode,global,reloc=2,class=CODE,delta=1
    15                           	psect	intcode_body,global,reloc=2,class=CODE,delta=1
    16                           	psect	text7,global,reloc=2,class=CODE,delta=1
    17                           	psect	smallconst,global,reloc=2,class=SMALLCONST,delta=1,noexec
    18                           	psect	intsave_regs,global,class=BIGRAM,space=1,delta=1,noexec
    19                           	psect	rparam,global,class=COMRAM,space=1,delta=1,noexec
    20                           	psect	temp,global,ovrld,common,class=COMRAM,space=1,delta=1
    21                           	psect	idloc,global,abs,ovrld,class=IDLOC,space=5,delta=1,noexec
    22                           	psect	config,global,abs,ovrld,class=CONFIG,space=4,delta=1,noexec
    23   000000                     
    24                           ; Generated 18/08/2023 GMT
    25                           ; 
    26                           ; Copyright © 2023, Microchip Technology Inc. and its subsidiaries ("Microchip")
    27                           ; All rights reserved.
    28                           ; 
    29                           ; This software is developed by Microchip Technology Inc. and its subsidiaries ("Microch
      +                          ip").
    30                           ; 
    31                           ; Redistribution and use in source and binary forms, with or without modification, are
    32                           ; permitted provided that the following conditions are met:
    33                           ; 
    34                           ;     1. Redistributions of source code must retain the above copyright notice, this lis
      +                          t of
    35                           ;        conditions and the following disclaimer.
    36                           ; 
    37                           ;     2. Redistributions in binary form must reproduce the above copyright notice, this 
      +                          list
    38                           ;        of conditions and the following disclaimer in the documentation and/or other
    39                           ;        materials provided with the distribution. Publication is not required when
    40                           ;        this file is used in an embedded application.
    41                           ; 
    42                           ;     3. Microchip's name may not be used to endorse or promote products derived from th
      +                          is
    43                           ;        software without specific prior written permission.
    44                           ; 
    45                           ; THIS SOFTWARE IS PROVIDED BY MICROCHIP "AS IS" AND ANY EXPRESS OR IMPLIED WARRANTIES,
    46                           ; INCLUDING, BUT NOT LIMITED TO, THE IMPLIED WARRANTIES OF MERCHANTABILITY AND FITNESS F
      +                          OR
    47                           ; PURPOSE ARE DISCLAIMED.  IN NO EVENT SHALL MICROCHIP BE LIABLE FOR ANY DIRECT, INDIREC
      +                          T,
    48                           ; INCIDENTAL, SPECIAL, EXEMPLARY, OR CONSEQUENTIAL DAMAGES (INCLUDING BUT NOT LIMITED TO
    49                           ; PROCUREMENT OF SUBSTITUTE GOODS OR SERVICES; LOSS OF USE, DATA OR PROFITS; OR BUSINESS
    50                           ; INTERRUPTION) HOWSOEVER CAUSED AND ON ANY THEORY OF LIABILITY, WHETHER IN CONTRACT, ST
      +                          RICT
    51                           ; LIABILITY, OR TORT (INCLUDING NEGLIGENCE OR OTHERWISE) ARISING IN ANY WAY OUT OF THE U
      +                          SE OF
    52                           ; THIS SOFTWARE, EVEN IF ADVISED OF THE POSSIBILITY OF SUCH DAMAGE.
    53                           ; 
    54                           ; 
    55                           ; Code-generator required, PIC18F4520 Definitions
    56                           ; 
    57                           ; SFR Addresses
    58   000000                     _TRISBbits	set	3987
    59   000000                     _TRISCbits	set	3988
    60   000000                     _ADCON0bits	set	4034
    61   000000                     _ADRESL	set	4035
    62   000000                     _ADRESH	set	4036
    63   000000                     _LATC	set	3979
    64   000000                     _ADCON2bits	set	4032
    65   000000                     _IRCF0	set	32412
    66   000000                     _IRCF1	set	32413
    67   000000                     _PORTB	set	3969
    68   000000                     _LATCbits	set	3979
    69   000000                     _PIR1bits	set	3998
    70   000000                     _CCP1CON	set	4029
    71   000000                     _ADCON1	set	4033
    72   000000                     _ADFM	set	32263
    73   000000                     _INTCONbits	set	4082
    74   000000                     _TRISA	set	3986
    75   000000                     _RCONbits	set	4048
    76   000000                     _RCSTAbits	set	4011
    77   000000                     _TXSTAbits	set	4012
    78   000000                     _IPR1bits	set	3999
    79   000000                     _IRCF2	set	32414
    80   000000                     _TXREG	set	4013
    81   000000                     _SPBRG	set	4015
    82   000000                     _BAUDCONbits	set	4024
    83                           
    84                           ; #config settings
    85                           
    86                           	psect	cinit
    87   0009A2                     __pcinit:
    88                           	callstack 0
    89   0009A2                     start_initialization:
    90                           	callstack 0
    91   0009A2                     __initialization:
    92                           	callstack 0
    93                           
    94                           ; Clear objects allocated to COMRAM (44 bytes)
    95   0009A2  EE00  F001         	lfsr	0,__pbssCOMRAM
    96   0009A6  0E2C               	movlw	44
    97   0009A8                     clear_0:
    98   0009A8  6AEE               	clrf	postinc0,c
    99   0009AA  06E8               	decf	wreg,f,c
   100   0009AC  E1FD               	bnz	clear_0
   101   0009AE                     end_of_initialization:
   102                           	callstack 0
   103   0009AE                     __end_of__initialization:
   104                           	callstack 0
   105   0009AE  9033               	bcf	int$flags,0,c	;clear compiler interrupt flag (level 1)
   106   0009B0  9233               	bcf	int$flags,1,c	;clear compiler interrupt flag (level 2)
   107   0009B2  0100               	movlb	0
   108   0009B4  EF9B  F004         	goto	_main	;jump to C main() function
   109                           
   110                           	psect	bssCOMRAM
   111   000001                     __pbssCOMRAM:
   112                           	callstack 0
   113   000001                     _str:
   114                           	callstack 0
   115   000001                     	ds	20
   116   000015                     _lenStr:
   117                           	callstack 0
   118   000015                     	ds	2
   119   000017                     _state:
   120                           	callstack 0
   121   000017                     	ds	2
   122   000019                     _mystring:
   123                           	callstack 0
   124   000019                     	ds	20
   125                           
   126                           	psect	cstackCOMRAM
   127   00002D                     __pcstackCOMRAM:
   128                           	callstack 0
   129   00002D                     i2UART_Write@data:
   130                           	callstack 0
   131                           
   132                           ; 1 bytes @ 0x0
   133   00002D                     	ds	1
   134   00002E                     UART_Write@data:
   135                           	callstack 0
   136   00002E                     UART_Initialize@i:
   137                           	callstack 0
   138                           
   139                           ; 2 bytes @ 0x1
   140   00002E                     	ds	2
   141   000030                     ??_main:
   142                           
   143                           ; 1 bytes @ 0x3
   144   000030                     	ds	1
   145   000031                     main@print_once:
   146                           	callstack 0
   147                           
   148                           ; 2 bytes @ 0x4
   149   000031                     	ds	2
   150                           
   151 ;;
   152 ;;Main: autosize = 0, tempsize = 1, incstack = 0, save=0
   153 ;;
   154 ;; *************** function _main *****************
   155 ;; Defined at:
   156 ;;		line 17 in file "main.c"
   157 ;; Parameters:    Size  Location     Type
   158 ;;		None
   159 ;; Auto vars:     Size  Location     Type
   160 ;;  print_once      2    4[COMRAM] int 
   161 ;; Return value:  Size  Location     Type
   162 ;;                  1    wreg      void 
   163 ;; Registers used:
   164 ;;		wreg, fsr2l, fsr2h, status,2, status,0, cstack
   165 ;; Tracked objects:
   166 ;;		On entry : 0/0
   167 ;;		On exit  : 0/0
   168 ;;		Unchanged: 0/0
   169 ;; Data sizes:     COMRAM   BANK0   BANK1   BANK2   BANK3   BANK4   BANK5
   170 ;;      Params:         0       0       0       0       0       0       0
   171 ;;      Locals:         2       0       0       0       0       0       0
   172 ;;      Temps:          1       0       0       0       0       0       0
   173 ;;      Totals:         3       0       0       0       0       0       0
   174 ;;Total ram usage:        3 bytes
   175 ;; Hardware stack levels required when called: 4
   176 ;; This function calls:
   177 ;;		_SYSTEM_Initialize
   178 ;;		_UART_Write
   179 ;; This function is called by:
   180 ;;		Startup code after reset
   181 ;; This function uses a non-reentrant model
   182 ;;
   183                           
   184                           	psect	text0
   185   000936                     __ptext0:
   186                           	callstack 0
   187   000936                     _main:
   188                           	callstack 27
   189   000936                     
   190                           ;main.c: 19:     SYSTEM_Initialize() ;
   191   000936  ECBF  F004         	call	_SYSTEM_Initialize	;wreg free
   192   00093A                     
   193                           ;main.c: 25:     int print_once = 0;
   194   00093A  0E00               	movlw	0
   195   00093C  6E32               	movwf	(main@print_once+1)^0,c
   196   00093E  0E00               	movlw	0
   197   000940  6E31               	movwf	main@print_once^0,c
   198   000942                     l891:
   199                           
   200                           ;main.c: 27:         if(print_once == 0){
   201   000942  5031               	movf	main@print_once^0,w,c
   202   000944  1032               	iorwf	(main@print_once+1)^0,w,c
   203   000946  A4D8               	btfss	status,2,c
   204   000948  EFA8  F004         	goto	u41
   205   00094C  EFAA  F004         	goto	u40
   206   000950                     u41:
   207   000950  EFA1  F004         	goto	l891
   208   000954                     u40:
   209   000954                     
   210                           ;main.c: 28:             str[0] = '0';
   211   000954  0E30               	movlw	48
   212   000956  6E01               	movwf	_str^0,c
   213   000958                     
   214                           ;main.c: 29:              _delay((unsigned long)((200)*(1000000/4000.0)));
   215   000958  0E41               	movlw	65
   216   00095A  6E30               	movwf	??_main^0,c
   217   00095C  0EEE               	movlw	238
   218   00095E                     u417:
   219   00095E  2EE8               	decfsz	wreg,f,c
   220   000960  D7FE               	bra	u417
   221   000962  2E30               	decfsz	??_main^0,f,c
   222   000964  D7FC               	bra	u417
   223   000966  D000               	nop2	
   224   000968                     
   225                           ;main.c: 30:             UART_Write(str[0]);
   226   000968  5001               	movf	_str^0,w,c
   227   00096A  ECDC  F004         	call	_UART_Write
   228   00096E                     
   229                           ;main.c: 32:             print_once = 1;
   230   00096E  0E00               	movlw	0
   231   000970  6E32               	movwf	(main@print_once+1)^0,c
   232   000972  0E01               	movlw	1
   233   000974  6E31               	movwf	main@print_once^0,c
   234   000976  EFA1  F004         	goto	l891
   235   00097A  EF07  F000         	goto	start
   236   00097E                     __end_of_main:
   237                           	callstack 0
   238                           
   239 ;; *************** function _UART_Write *****************
   240 ;; Defined at:
   241 ;;		line 47 in file "setting_hardaware/uart.c"
   242 ;; Parameters:    Size  Location     Type
   243 ;;  data            1    wreg     unsigned char 
   244 ;; Auto vars:     Size  Location     Type
   245 ;;  data            1    1[COMRAM] unsigned char 
   246 ;; Return value:  Size  Location     Type
   247 ;;                  1    wreg      void 
   248 ;; Registers used:
   249 ;;		wreg
   250 ;; Tracked objects:
   251 ;;		On entry : 0/0
   252 ;;		On exit  : 0/0
   253 ;;		Unchanged: 0/0
   254 ;; Data sizes:     COMRAM   BANK0   BANK1   BANK2   BANK3   BANK4   BANK5
   255 ;;      Params:         0       0       0       0       0       0       0
   256 ;;      Locals:         1       0       0       0       0       0       0
   257 ;;      Temps:          0       0       0       0       0       0       0
   258 ;;      Totals:         1       0       0       0       0       0       0
   259 ;;Total ram usage:        1 bytes
   260 ;; Hardware stack levels used: 1
   261 ;; Hardware stack levels required when called: 2
   262 ;; This function calls:
   263 ;;		Nothing
   264 ;; This function is called by:
   265 ;;		_main
   266 ;; This function uses a non-reentrant model
   267 ;;
   268                           
   269                           	psect	text1
   270   0009B8                     __ptext1:
   271                           	callstack 0
   272   0009B8                     _UART_Write:
   273                           	callstack 28
   274                           
   275                           ;incstack = 0
   276                           ;UART_Write@data stored from wreg
   277   0009B8  6E2E               	movwf	UART_Write@data^0,c
   278   0009BA                     l153:
   279   0009BA  A2AC               	btfss	172,1,c	;volatile
   280   0009BC  EFE2  F004         	goto	u21
   281   0009C0  EFE4  F004         	goto	u20
   282   0009C4                     u21:
   283   0009C4  EFDD  F004         	goto	l153
   284   0009C8                     u20:
   285   0009C8                     
   286                           ;setting_hardaware/uart.c: 50:     TXREG = data;
   287   0009C8  C02E  FFAD         	movff	UART_Write@data,4013	;volatile
   288   0009CC  0012               	return		;funcret
   289   0009CE                     __end_of_UART_Write:
   290                           	callstack 0
   291                           
   292 ;; *************** function _SYSTEM_Initialize *****************
   293 ;; Defined at:
   294 ;;		line 60 in file "setting_hardaware/setting.c"
   295 ;; Parameters:    Size  Location     Type
   296 ;;		None
   297 ;; Auto vars:     Size  Location     Type
   298 ;;		None
   299 ;; Return value:  Size  Location     Type
   300 ;;                  1    wreg      void 
   301 ;; Registers used:
   302 ;;		wreg, fsr2l, fsr2h, status,2, status,0, cstack
   303 ;; Tracked objects:
   304 ;;		On entry : 0/0
   305 ;;		On exit  : 0/0
   306 ;;		Unchanged: 0/0
   307 ;; Data sizes:     COMRAM   BANK0   BANK1   BANK2   BANK3   BANK4   BANK5
   308 ;;      Params:         0       0       0       0       0       0       0
   309 ;;      Locals:         0       0       0       0       0       0       0
   310 ;;      Temps:          0       0       0       0       0       0       0
   311 ;;      Totals:         0       0       0       0       0       0       0
   312 ;;Total ram usage:        0 bytes
   313 ;; Hardware stack levels used: 1
   314 ;; Hardware stack levels required when called: 3
   315 ;; This function calls:
   316 ;;		_INTERRUPT_Initialize
   317 ;;		_OSCILLATOR_Initialize
   318 ;;		_UART_Initialize
   319 ;; This function is called by:
   320 ;;		_main
   321 ;; This function uses a non-reentrant model
   322 ;;
   323                           
   324                           	psect	text2
   325   00097E                     __ptext2:
   326                           	callstack 0
   327   00097E                     _SYSTEM_Initialize:
   328                           	callstack 27
   329   00097E                     
   330                           ;setting_hardaware/setting.c: 62:     ADCON1 = 0x0f;
   331   00097E  0E0F               	movlw	15
   332   000980  6EC1               	movwf	193,c	;volatile
   333   000982                     
   334                           ;setting_hardaware/setting.c: 64:     TRISCbits.RC0 = 0;
   335   000982  9094               	bcf	148,0,c	;volatile
   336   000984                     
   337                           ;setting_hardaware/setting.c: 65:     TRISCbits.RC1 = 0;
   338   000984  9294               	bcf	148,1,c	;volatile
   339   000986                     
   340                           ;setting_hardaware/setting.c: 66:     TRISCbits.RC2 = 0;
   341   000986  9494               	bcf	148,2,c	;volatile
   342   000988                     
   343                           ;setting_hardaware/setting.c: 67:     TRISCbits.RC3 = 0;
   344   000988  9694               	bcf	148,3,c	;volatile
   345                           
   346                           ;setting_hardaware/setting.c: 68:     LATC = 0;
   347   00098A  0E00               	movlw	0
   348   00098C  6E8B               	movwf	139,c	;volatile
   349   00098E                     
   350                           ;setting_hardaware/setting.c: 71:     TRISBbits.RB0 = 1;
   351   00098E  8093               	bsf	147,0,c	;volatile
   352                           
   353                           ;setting_hardaware/setting.c: 72:     PORTB = 0;
   354   000990  0E00               	movlw	0
   355   000992  6E81               	movwf	129,c	;volatile
   356   000994                     
   357                           ;setting_hardaware/setting.c: 74:     OSCILLATOR_Initialize();
   358   000994  ECF7  F004         	call	_OSCILLATOR_Initialize	;wreg free
   359   000998                     
   360                           ;setting_hardaware/setting.c: 78:     INTERRUPT_Initialize();
   361   000998  ECF2  F004         	call	_INTERRUPT_Initialize	;wreg free
   362   00099C                     
   363                           ;setting_hardaware/setting.c: 79:     UART_Initialize();
   364   00099C  EC75  F004         	call	_UART_Initialize	;wreg free
   365   0009A0  0012               	return		;funcret
   366   0009A2                     __end_of_SYSTEM_Initialize:
   367                           	callstack 0
   368                           
   369 ;; *************** function _UART_Initialize *****************
   370 ;; Defined at:
   371 ;;		line 10 in file "setting_hardaware/uart.c"
   372 ;; Parameters:    Size  Location     Type
   373 ;;		None
   374 ;; Auto vars:     Size  Location     Type
   375 ;;  i               2    1[COMRAM] int 
   376 ;; Return value:  Size  Location     Type
   377 ;;                  1    wreg      void 
   378 ;; Registers used:
   379 ;;		wreg, fsr2l, fsr2h, status,2, status,0
   380 ;; Tracked objects:
   381 ;;		On entry : 0/0
   382 ;;		On exit  : 0/0
   383 ;;		Unchanged: 0/0
   384 ;; Data sizes:     COMRAM   BANK0   BANK1   BANK2   BANK3   BANK4   BANK5
   385 ;;      Params:         0       0       0       0       0       0       0
   386 ;;      Locals:         2       0       0       0       0       0       0
   387 ;;      Temps:          0       0       0       0       0       0       0
   388 ;;      Totals:         2       0       0       0       0       0       0
   389 ;;Total ram usage:        2 bytes
   390 ;; Hardware stack levels used: 1
   391 ;; Hardware stack levels required when called: 2
   392 ;; This function calls:
   393 ;;		Nothing
   394 ;; This function is called by:
   395 ;;		_SYSTEM_Initialize
   396 ;; This function uses a non-reentrant model
   397 ;;
   398                           
   399                           	psect	text3
   400   0008EA                     __ptext3:
   401                           	callstack 0
   402   0008EA                     _UART_Initialize:
   403                           	callstack 27
   404   0008EA                     
   405                           ;setting_hardaware/uart.c: 20:     TRISCbits.RC6 = 1 ;
   406   0008EA  8C94               	bsf	148,6,c	;volatile
   407                           
   408                           ;setting_hardaware/uart.c: 21:     TRISCbits.RC7 = 1 ;
   409   0008EC  8E94               	bsf	148,7,c	;volatile
   410                           
   411                           ;setting_hardaware/uart.c: 24:     TXSTAbits.SYNC = 0;
   412   0008EE  98AC               	bcf	172,4,c	;volatile
   413                           
   414                           ;setting_hardaware/uart.c: 25:     BAUDCONbits.BRG16 = 0;
   415   0008F0  96B8               	bcf	184,3,c	;volatile
   416                           
   417                           ;setting_hardaware/uart.c: 26:     TXSTAbits.BRGH = 0;
   418   0008F2  94AC               	bcf	172,2,c	;volatile
   419   0008F4                     
   420                           ;setting_hardaware/uart.c: 27:     SPBRG = 51;
   421   0008F4  0E33               	movlw	51
   422   0008F6  6EAF               	movwf	175,c	;volatile
   423   0008F8                     
   424                           ;setting_hardaware/uart.c: 30:     RCSTAbits.SPEN = 1;
   425   0008F8  8EAB               	bsf	171,7,c	;volatile
   426   0008FA                     
   427                           ;setting_hardaware/uart.c: 31:     RCSTAbits.CREN = 1;
   428   0008FA  88AB               	bsf	171,4,c	;volatile
   429   0008FC                     
   430                           ;setting_hardaware/uart.c: 32:     TXSTAbits.TXEN = 1;
   431   0008FC  8AAC               	bsf	172,5,c	;volatile
   432                           
   433                           ;setting_hardaware/uart.c: 41:     for(int i = 0; i < 20 ; i++)
   434   0008FE  0E00               	movlw	0
   435   000900  6E2F               	movwf	(UART_Initialize@i+1)^0,c
   436   000902  0E00               	movlw	0
   437   000904  6E2E               	movwf	UART_Initialize@i^0,c
   438   000906                     l853:
   439                           
   440                           ;setting_hardaware/uart.c: 42:         mystring[i] = '\0';
   441   000906  502E               	movf	UART_Initialize@i^0,w,c
   442   000908  0F19               	addlw	low _mystring
   443   00090A  6ED9               	movwf	fsr2l,c
   444   00090C  6ADA               	clrf	fsr2h,c
   445   00090E  6ADF               	clrf	indf2,c
   446   000910  4A2E               	infsnz	UART_Initialize@i^0,f,c
   447   000912  2A2F               	incf	(UART_Initialize@i+1)^0,f,c
   448   000914  BE2F               	btfsc	(UART_Initialize@i+1)^0,7,c
   449   000916  EF96  F004         	goto	u11
   450   00091A  502F               	movf	(UART_Initialize@i+1)^0,w,c
   451   00091C  E109               	bnz	u10
   452   00091E  0E14               	movlw	20
   453   000920  5C2E               	subwf	UART_Initialize@i^0,w,c
   454   000922  A0D8               	btfss	status,0,c
   455   000924  EF96  F004         	goto	u11
   456   000928  EF98  F004         	goto	u10
   457   00092C                     u11:
   458   00092C  EF83  F004         	goto	l853
   459   000930                     u10:
   460   000930                     
   461                           ;setting_hardaware/uart.c: 43:     mystring[0] = '0';
   462   000930  0E30               	movlw	48
   463   000932  6E19               	movwf	_mystring^0,c
   464   000934  0012               	return		;funcret
   465   000936                     __end_of_UART_Initialize:
   466                           	callstack 0
   467                           
   468 ;; *************** function _OSCILLATOR_Initialize *****************
   469 ;; Defined at:
   470 ;;		line 84 in file "setting_hardaware/setting.c"
   471 ;; Parameters:    Size  Location     Type
   472 ;;		None
   473 ;; Auto vars:     Size  Location     Type
   474 ;;		None
   475 ;; Return value:  Size  Location     Type
   476 ;;                  1    wreg      void 
   477 ;; Registers used:
   478 ;;		None
   479 ;; Tracked objects:
   480 ;;		On entry : 0/0
   481 ;;		On exit  : 0/0
   482 ;;		Unchanged: 0/0
   483 ;; Data sizes:     COMRAM   BANK0   BANK1   BANK2   BANK3   BANK4   BANK5
   484 ;;      Params:         0       0       0       0       0       0       0
   485 ;;      Locals:         0       0       0       0       0       0       0
   486 ;;      Temps:          0       0       0       0       0       0       0
   487 ;;      Totals:         0       0       0       0       0       0       0
   488 ;;Total ram usage:        0 bytes
   489 ;; Hardware stack levels used: 1
   490 ;; Hardware stack levels required when called: 2
   491 ;; This function calls:
   492 ;;		Nothing
   493 ;; This function is called by:
   494 ;;		_SYSTEM_Initialize
   495 ;; This function uses a non-reentrant model
   496 ;;
   497                           
   498                           	psect	text4
   499   0009EE                     __ptext4:
   500                           	callstack 0
   501   0009EE                     _OSCILLATOR_Initialize:
   502                           	callstack 27
   503   0009EE                     
   504                           ;setting_hardaware/setting.c: 86:     IRCF2 = 1;
   505   0009EE  8CD3               	bsf	4051,6,c	;volatile
   506                           
   507                           ;setting_hardaware/setting.c: 87:     IRCF1 = 1;
   508   0009F0  8AD3               	bsf	4051,5,c	;volatile
   509                           
   510                           ;setting_hardaware/setting.c: 88:     IRCF0 = 0;
   511   0009F2  98D3               	bcf	4051,4,c	;volatile
   512   0009F4  0012               	return		;funcret
   513   0009F6                     __end_of_OSCILLATOR_Initialize:
   514                           	callstack 0
   515                           
   516 ;; *************** function _INTERRUPT_Initialize *****************
   517 ;; Defined at:
   518 ;;		line 3 in file "setting_hardaware/interrupt_manager.c"
   519 ;; Parameters:    Size  Location     Type
   520 ;;		None
   521 ;; Auto vars:     Size  Location     Type
   522 ;;		None
   523 ;; Return value:  Size  Location     Type
   524 ;;                  1    wreg      void 
   525 ;; Registers used:
   526 ;;		None
   527 ;; Tracked objects:
   528 ;;		On entry : 0/0
   529 ;;		On exit  : 0/0
   530 ;;		Unchanged: 0/0
   531 ;; Data sizes:     COMRAM   BANK0   BANK1   BANK2   BANK3   BANK4   BANK5
   532 ;;      Params:         0       0       0       0       0       0       0
   533 ;;      Locals:         0       0       0       0       0       0       0
   534 ;;      Temps:          0       0       0       0       0       0       0
   535 ;;      Totals:         0       0       0       0       0       0       0
   536 ;;Total ram usage:        0 bytes
   537 ;; Hardware stack levels used: 1
   538 ;; Hardware stack levels required when called: 2
   539 ;; This function calls:
   540 ;;		Nothing
   541 ;; This function is called by:
   542 ;;		_SYSTEM_Initialize
   543 ;; This function uses a non-reentrant model
   544 ;;
   545                           
   546                           	psect	text5
   547   0009E4                     __ptext5:
   548                           	callstack 0
   549   0009E4                     _INTERRUPT_Initialize:
   550                           	callstack 27
   551   0009E4                     
   552                           ;setting_hardaware/interrupt_manager.c: 8:     RCONbits.IPEN = 0;
   553   0009E4  9ED0               	bcf	208,7,c	;volatile
   554                           
   555                           ;setting_hardaware/interrupt_manager.c: 9:     INTCONbits.INT0E = 1;
   556   0009E6  88F2               	bsf	242,4,c	;volatile
   557                           
   558                           ;setting_hardaware/interrupt_manager.c: 10:     INTCONbits.INT0F = 0;
   559   0009E8  92F2               	bcf	242,1,c	;volatile
   560                           
   561                           ;setting_hardaware/interrupt_manager.c: 11:     INTCONbits.GIE = 1;
   562   0009EA  8EF2               	bsf	242,7,c	;volatile
   563   0009EC  0012               	return		;funcret
   564   0009EE                     __end_of_INTERRUPT_Initialize:
   565                           	callstack 0
   566                           
   567 ;; *************** function _H_ISR *****************
   568 ;; Defined at:
   569 ;;		line 93 in file "main.c"
   570 ;; Parameters:    Size  Location     Type
   571 ;;		None
   572 ;; Auto vars:     Size  Location     Type
   573 ;;		None
   574 ;; Return value:  Size  Location     Type
   575 ;;                  1    wreg      void 
   576 ;; Registers used:
   577 ;;		wreg, status,2, status,0, cstack
   578 ;; Tracked objects:
   579 ;;		On entry : 0/0
   580 ;;		On exit  : 0/0
   581 ;;		Unchanged: 0/0
   582 ;; Data sizes:     COMRAM   BANK0   BANK1   BANK2   BANK3   BANK4   BANK5
   583 ;;      Params:         0       0       0       0       0       0       0
   584 ;;      Locals:         0       0       0       0       0       0       0
   585 ;;      Temps:          0       0       0       0       0       0       0
   586 ;;      Totals:         0       0       0       0       0       0       0
   587 ;;Total ram usage:        0 bytes
   588 ;; Hardware stack levels used: 1
   589 ;; Hardware stack levels required when called: 1
   590 ;; This function calls:
   591 ;;		i2_UART_Write
   592 ;; This function is called by:
   593 ;;		Interrupt level 2
   594 ;; This function uses a non-reentrant model
   595 ;;
   596                           
   597                           	psect	intcode
   598   000008                     __pintcode:
   599                           	callstack 0
   600   000008                     _H_ISR:
   601                           	callstack 27
   602                           
   603                           ;incstack = 0
   604   000008  8233               	bsf	int$flags,1,c	;set compiler interrupt flag (level 2)
   605   00000A  ED01  F003         	call	int_func,f	;refresh shadow registers
   606                           
   607                           	psect	intcode_body
   608   000602                     __pintcode_body:
   609                           	callstack 27
   610   000602                     int_func:
   611                           	callstack 27
   612   000602  0006               	pop		; remove dummy address from shadow register refresh
   613   000604                     
   614                           ;main.c: 95:     if(INTCONbits.INT0F == 1){
   615   000604  A2F2               	btfss	242,1,c	;volatile
   616   000606  EF07  F003         	goto	i2u24_41
   617   00060A  EF09  F003         	goto	i2u24_40
   618   00060E                     i2u24_41:
   619   00060E  EF73  F004         	goto	i2l60
   620   000612                     i2u24_40:
   621   000612                     
   622                           ;main.c: 96:             state++;
   623   000612  4A17               	infsnz	_state^0,f,c
   624   000614  2A18               	incf	(_state+1)^0,f,c
   625   000616                     
   626                           ;main.c: 97:             if(state == 0){
   627   000616  5017               	movf	_state^0,w,c
   628   000618  1018               	iorwf	(_state+1)^0,w,c
   629   00061A  A4D8               	btfss	status,2,c
   630   00061C  EF12  F003         	goto	i2u25_41
   631   000620  EF14  F003         	goto	i2u25_40
   632   000624                     i2u25_41:
   633   000624  EF1A  F003         	goto	i2l1081
   634   000628                     i2u25_40:
   635   000628                     
   636                           ;main.c: 98:                 LATCbits.LC0 = 0;
   637   000628  908B               	bcf	139,0,c	;volatile
   638                           
   639                           ;main.c: 99:                 LATCbits.LC1 = 0;
   640   00062A  928B               	bcf	139,1,c	;volatile
   641                           
   642                           ;main.c: 100:                 LATCbits.LC2 = 0;
   643   00062C  948B               	bcf	139,2,c	;volatile
   644                           
   645                           ;main.c: 101:                 LATCbits.LC3 = 0;
   646   00062E  968B               	bcf	139,3,c	;volatile
   647                           
   648                           ;main.c: 102:             }
   649   000630  EF72  F004         	goto	i2l1213
   650   000634                     i2l1081:
   651   000634  0417               	decf	_state^0,w,c
   652   000636  1018               	iorwf	(_state+1)^0,w,c
   653   000638  A4D8               	btfss	status,2,c
   654   00063A  EF21  F003         	goto	i2u26_41
   655   00063E  EF23  F003         	goto	i2u26_40
   656   000642                     i2u26_41:
   657   000642  EF2E  F003         	goto	i2l1089
   658   000646                     i2u26_40:
   659   000646                     
   660                           ;main.c: 105:                 LATCbits.LC0 = 1;
   661   000646  808B               	bsf	139,0,c	;volatile
   662                           
   663                           ;main.c: 106:                 LATCbits.LC1 = 0;
   664   000648  928B               	bcf	139,1,c	;volatile
   665                           
   666                           ;main.c: 107:                 LATCbits.LC2 = 0;
   667   00064A  948B               	bcf	139,2,c	;volatile
   668                           
   669                           ;main.c: 108:                 LATCbits.LC3 = 0;
   670   00064C  968B               	bcf	139,3,c	;volatile
   671   00064E                     
   672                           ;main.c: 109:                 str[0] = '1';
   673   00064E  0E31               	movlw	49
   674   000650  6E01               	movwf	_str^0,c
   675   000652                     
   676                           ;main.c: 110:                 UART_Write(str[0]);
   677   000652  5001               	movf	_str^0,w,c
   678   000654  ECE7  F004         	call	i2_UART_Write
   679                           
   680                           ;main.c: 111:             }
   681   000658  EF72  F004         	goto	i2l1213
   682   00065C                     i2l1089:
   683   00065C  0E02               	movlw	2
   684   00065E  1817               	xorwf	_state^0,w,c
   685   000660  1018               	iorwf	(_state+1)^0,w,c
   686   000662  A4D8               	btfss	status,2,c
   687   000664  EF36  F003         	goto	i2u27_41
   688   000668  EF38  F003         	goto	i2u27_40
   689   00066C                     i2u27_41:
   690   00066C  EF43  F003         	goto	i2l1097
   691   000670                     i2u27_40:
   692   000670                     
   693                           ;main.c: 114:                 LATCbits.LC0 = 0;
   694   000670  908B               	bcf	139,0,c	;volatile
   695                           
   696                           ;main.c: 115:                 LATCbits.LC1 = 1;
   697   000672  828B               	bsf	139,1,c	;volatile
   698                           
   699                           ;main.c: 116:                 LATCbits.LC2 = 0;
   700   000674  948B               	bcf	139,2,c	;volatile
   701                           
   702                           ;main.c: 117:                 LATCbits.LC3 = 0;
   703   000676  968B               	bcf	139,3,c	;volatile
   704   000678                     
   705                           ;main.c: 118:                 str[0] = '2';
   706   000678  0E32               	movlw	50
   707   00067A  6E01               	movwf	_str^0,c
   708   00067C                     
   709                           ;main.c: 119:                 UART_Write(str[0]);
   710   00067C  5001               	movf	_str^0,w,c
   711   00067E  ECE7  F004         	call	i2_UART_Write
   712                           
   713                           ;main.c: 120:             }
   714   000682  EF72  F004         	goto	i2l1213
   715   000686                     i2l1097:
   716   000686  0E03               	movlw	3
   717   000688  1817               	xorwf	_state^0,w,c
   718   00068A  1018               	iorwf	(_state+1)^0,w,c
   719   00068C  A4D8               	btfss	status,2,c
   720   00068E  EF4B  F003         	goto	i2u28_41
   721   000692  EF4D  F003         	goto	i2u28_40
   722   000696                     i2u28_41:
   723   000696  EF58  F003         	goto	i2l1105
   724   00069A                     i2u28_40:
   725   00069A                     
   726                           ;main.c: 123:                 LATCbits.LC0 = 1;
   727   00069A  808B               	bsf	139,0,c	;volatile
   728                           
   729                           ;main.c: 124:                 LATCbits.LC1 = 1;
   730   00069C  828B               	bsf	139,1,c	;volatile
   731                           
   732                           ;main.c: 125:                 LATCbits.LC2 = 0;
   733   00069E  948B               	bcf	139,2,c	;volatile
   734                           
   735                           ;main.c: 126:                 LATCbits.LC3 = 0;
   736   0006A0  968B               	bcf	139,3,c	;volatile
   737   0006A2                     
   738                           ;main.c: 127:                 str[0] = '3';
   739   0006A2  0E33               	movlw	51
   740   0006A4  6E01               	movwf	_str^0,c
   741   0006A6                     
   742                           ;main.c: 128:                 UART_Write(str[0]);
   743   0006A6  5001               	movf	_str^0,w,c
   744   0006A8  ECE7  F004         	call	i2_UART_Write
   745                           
   746                           ;main.c: 129:             }
   747   0006AC  EF72  F004         	goto	i2l1213
   748   0006B0                     i2l1105:
   749   0006B0  0E04               	movlw	4
   750   0006B2  1817               	xorwf	_state^0,w,c
   751   0006B4  1018               	iorwf	(_state+1)^0,w,c
   752   0006B6  A4D8               	btfss	status,2,c
   753   0006B8  EF60  F003         	goto	i2u29_41
   754   0006BC  EF62  F003         	goto	i2u29_40
   755   0006C0                     i2u29_41:
   756   0006C0  EF6D  F003         	goto	i2l1113
   757   0006C4                     i2u29_40:
   758   0006C4                     
   759                           ;main.c: 132:                 LATCbits.LC0 = 0;
   760   0006C4  908B               	bcf	139,0,c	;volatile
   761                           
   762                           ;main.c: 133:                 LATCbits.LC1 = 0;
   763   0006C6  928B               	bcf	139,1,c	;volatile
   764                           
   765                           ;main.c: 134:                 LATCbits.LC2 = 1;
   766   0006C8  848B               	bsf	139,2,c	;volatile
   767                           
   768                           ;main.c: 135:                 LATCbits.LC3 = 0;
   769   0006CA  968B               	bcf	139,3,c	;volatile
   770   0006CC                     
   771                           ;main.c: 136:                 str[0] = '4';
   772   0006CC  0E34               	movlw	52
   773   0006CE  6E01               	movwf	_str^0,c
   774   0006D0                     
   775                           ;main.c: 137:                 UART_Write(str[0]);
   776   0006D0  5001               	movf	_str^0,w,c
   777   0006D2  ECE7  F004         	call	i2_UART_Write
   778                           
   779                           ;main.c: 138:             }
   780   0006D6  EF72  F004         	goto	i2l1213
   781   0006DA                     i2l1113:
   782   0006DA  0E05               	movlw	5
   783   0006DC  1817               	xorwf	_state^0,w,c
   784   0006DE  1018               	iorwf	(_state+1)^0,w,c
   785   0006E0  A4D8               	btfss	status,2,c
   786   0006E2  EF75  F003         	goto	i2u30_41
   787   0006E6  EF77  F003         	goto	i2u30_40
   788   0006EA                     i2u30_41:
   789   0006EA  EF82  F003         	goto	i2l1121
   790   0006EE                     i2u30_40:
   791   0006EE                     
   792                           ;main.c: 141:                 LATCbits.LC0 = 1;
   793   0006EE  808B               	bsf	139,0,c	;volatile
   794                           
   795                           ;main.c: 142:                 LATCbits.LC1 = 0;
   796   0006F0  928B               	bcf	139,1,c	;volatile
   797                           
   798                           ;main.c: 143:                 LATCbits.LC2 = 1;
   799   0006F2  848B               	bsf	139,2,c	;volatile
   800                           
   801                           ;main.c: 144:                 LATCbits.LC3 = 0;
   802   0006F4  968B               	bcf	139,3,c	;volatile
   803   0006F6                     
   804                           ;main.c: 145:                 str[0] = '5';
   805   0006F6  0E35               	movlw	53
   806   0006F8  6E01               	movwf	_str^0,c
   807   0006FA                     
   808                           ;main.c: 146:                 UART_Write(str[0]);
   809   0006FA  5001               	movf	_str^0,w,c
   810   0006FC  ECE7  F004         	call	i2_UART_Write
   811                           
   812                           ;main.c: 147:             }
   813   000700  EF72  F004         	goto	i2l1213
   814   000704                     i2l1121:
   815   000704  0E06               	movlw	6
   816   000706  1817               	xorwf	_state^0,w,c
   817   000708  1018               	iorwf	(_state+1)^0,w,c
   818   00070A  A4D8               	btfss	status,2,c
   819   00070C  EF8A  F003         	goto	i2u31_41
   820   000710  EF8C  F003         	goto	i2u31_40
   821   000714                     i2u31_41:
   822   000714  EF97  F003         	goto	i2l1129
   823   000718                     i2u31_40:
   824   000718                     
   825                           ;main.c: 150:                 LATCbits.LC0 = 0;
   826   000718  908B               	bcf	139,0,c	;volatile
   827                           
   828                           ;main.c: 151:                 LATCbits.LC1 = 1;
   829   00071A  828B               	bsf	139,1,c	;volatile
   830                           
   831                           ;main.c: 152:                 LATCbits.LC2 = 1;
   832   00071C  848B               	bsf	139,2,c	;volatile
   833                           
   834                           ;main.c: 153:                 LATCbits.LC3 = 0;
   835   00071E  968B               	bcf	139,3,c	;volatile
   836   000720                     
   837                           ;main.c: 154:                 str[0] = '6';
   838   000720  0E36               	movlw	54
   839   000722  6E01               	movwf	_str^0,c
   840   000724                     
   841                           ;main.c: 155:                 UART_Write(str[0]);
   842   000724  5001               	movf	_str^0,w,c
   843   000726  ECE7  F004         	call	i2_UART_Write
   844                           
   845                           ;main.c: 156:             }
   846   00072A  EF72  F004         	goto	i2l1213
   847   00072E                     i2l1129:
   848   00072E  0E07               	movlw	7
   849   000730  1817               	xorwf	_state^0,w,c
   850   000732  1018               	iorwf	(_state+1)^0,w,c
   851   000734  A4D8               	btfss	status,2,c
   852   000736  EF9F  F003         	goto	i2u32_41
   853   00073A  EFA1  F003         	goto	i2u32_40
   854   00073E                     i2u32_41:
   855   00073E  EFAC  F003         	goto	i2l1137
   856   000742                     i2u32_40:
   857   000742                     
   858                           ;main.c: 159:                 LATCbits.LC0 = 1;
   859   000742  808B               	bsf	139,0,c	;volatile
   860                           
   861                           ;main.c: 160:                 LATCbits.LC1 = 1;
   862   000744  828B               	bsf	139,1,c	;volatile
   863                           
   864                           ;main.c: 161:                 LATCbits.LC2 = 1;
   865   000746  848B               	bsf	139,2,c	;volatile
   866                           
   867                           ;main.c: 162:                 LATCbits.LC3 = 0;
   868   000748  968B               	bcf	139,3,c	;volatile
   869   00074A                     
   870                           ;main.c: 163:                 str[0] = '7';
   871   00074A  0E37               	movlw	55
   872   00074C  6E01               	movwf	_str^0,c
   873   00074E                     
   874                           ;main.c: 164:                 UART_Write(str[0]);
   875   00074E  5001               	movf	_str^0,w,c
   876   000750  ECE7  F004         	call	i2_UART_Write
   877                           
   878                           ;main.c: 165:             }
   879   000754  EF72  F004         	goto	i2l1213
   880   000758                     i2l1137:
   881   000758  0E08               	movlw	8
   882   00075A  1817               	xorwf	_state^0,w,c
   883   00075C  1018               	iorwf	(_state+1)^0,w,c
   884   00075E  A4D8               	btfss	status,2,c
   885   000760  EFB4  F003         	goto	i2u33_41
   886   000764  EFB6  F003         	goto	i2u33_40
   887   000768                     i2u33_41:
   888   000768  EFC1  F003         	goto	i2l1145
   889   00076C                     i2u33_40:
   890   00076C                     
   891                           ;main.c: 168:                 LATCbits.LC0 = 0;
   892   00076C  908B               	bcf	139,0,c	;volatile
   893                           
   894                           ;main.c: 169:                 LATCbits.LC1 = 0;
   895   00076E  928B               	bcf	139,1,c	;volatile
   896                           
   897                           ;main.c: 170:                 LATCbits.LC2 = 0;
   898   000770  948B               	bcf	139,2,c	;volatile
   899                           
   900                           ;main.c: 171:                 LATCbits.LC3 = 1;
   901   000772  868B               	bsf	139,3,c	;volatile
   902   000774                     
   903                           ;main.c: 172:                 str[0] = '8';
   904   000774  0E38               	movlw	56
   905   000776  6E01               	movwf	_str^0,c
   906   000778                     
   907                           ;main.c: 173:                 UART_Write(str[0]);
   908   000778  5001               	movf	_str^0,w,c
   909   00077A  ECE7  F004         	call	i2_UART_Write
   910                           
   911                           ;main.c: 174:             }
   912   00077E  EF72  F004         	goto	i2l1213
   913   000782                     i2l1145:
   914   000782  0E09               	movlw	9
   915   000784  1817               	xorwf	_state^0,w,c
   916   000786  1018               	iorwf	(_state+1)^0,w,c
   917   000788  A4D8               	btfss	status,2,c
   918   00078A  EFC9  F003         	goto	i2u34_41
   919   00078E  EFCB  F003         	goto	i2u34_40
   920   000792                     i2u34_41:
   921   000792  EFD6  F003         	goto	i2l1153
   922   000796                     i2u34_40:
   923   000796                     
   924                           ;main.c: 177:                 LATCbits.LC0 = 1;
   925   000796  808B               	bsf	139,0,c	;volatile
   926                           
   927                           ;main.c: 178:                 LATCbits.LC1 = 0;
   928   000798  928B               	bcf	139,1,c	;volatile
   929                           
   930                           ;main.c: 179:                 LATCbits.LC2 = 0;
   931   00079A  948B               	bcf	139,2,c	;volatile
   932                           
   933                           ;main.c: 180:                 LATCbits.LC3 = 1;
   934   00079C  868B               	bsf	139,3,c	;volatile
   935   00079E                     
   936                           ;main.c: 181:                 str[0] = '9';
   937   00079E  0E39               	movlw	57
   938   0007A0  6E01               	movwf	_str^0,c
   939   0007A2                     
   940                           ;main.c: 182:                 UART_Write(str[0]);
   941   0007A2  5001               	movf	_str^0,w,c
   942   0007A4  ECE7  F004         	call	i2_UART_Write
   943                           
   944                           ;main.c: 183:             }
   945   0007A8  EF72  F004         	goto	i2l1213
   946   0007AC                     i2l1153:
   947   0007AC  0E0A               	movlw	10
   948   0007AE  1817               	xorwf	_state^0,w,c
   949   0007B0  1018               	iorwf	(_state+1)^0,w,c
   950   0007B2  A4D8               	btfss	status,2,c
   951   0007B4  EFDE  F003         	goto	i2u35_41
   952   0007B8  EFE0  F003         	goto	i2u35_40
   953   0007BC                     i2u35_41:
   954   0007BC  EFF0  F003         	goto	i2l1163
   955   0007C0                     i2u35_40:
   956   0007C0                     
   957                           ;main.c: 186:                 LATCbits.LC0 = 0;
   958   0007C0  908B               	bcf	139,0,c	;volatile
   959                           
   960                           ;main.c: 187:                 LATCbits.LC1 = 1;
   961   0007C2  828B               	bsf	139,1,c	;volatile
   962                           
   963                           ;main.c: 188:                 LATCbits.LC2 = 0;
   964   0007C4  948B               	bcf	139,2,c	;volatile
   965                           
   966                           ;main.c: 189:                 LATCbits.LC3 = 1;
   967   0007C6  868B               	bsf	139,3,c	;volatile
   968   0007C8                     
   969                           ;main.c: 190:                 str[0] = '1';
   970   0007C8  0E31               	movlw	49
   971   0007CA  6E01               	movwf	_str^0,c
   972                           
   973                           ;main.c: 191:                 str[1] = '0';
   974   0007CC  0E30               	movlw	48
   975   0007CE  6E02               	movwf	(_str+1)^0,c
   976   0007D0                     
   977                           ;main.c: 192:                 UART_Write(str[0]);
   978   0007D0  5001               	movf	_str^0,w,c
   979   0007D2  ECE7  F004         	call	i2_UART_Write
   980   0007D6                     
   981                           ;main.c: 193:                 UART_Write(str[1]);
   982   0007D6  5002               	movf	(_str+1)^0,w,c
   983   0007D8  ECE7  F004         	call	i2_UART_Write
   984                           
   985                           ;main.c: 194:             }
   986   0007DC  EF72  F004         	goto	i2l1213
   987   0007E0                     i2l1163:
   988   0007E0  0E0B               	movlw	11
   989   0007E2  1817               	xorwf	_state^0,w,c
   990   0007E4  1018               	iorwf	(_state+1)^0,w,c
   991   0007E6  A4D8               	btfss	status,2,c
   992   0007E8  EFF8  F003         	goto	i2u36_41
   993   0007EC  EFFA  F003         	goto	i2u36_40
   994   0007F0                     i2u36_41:
   995   0007F0  EF0A  F004         	goto	i2l1173
   996   0007F4                     i2u36_40:
   997   0007F4                     
   998                           ;main.c: 197:                 LATCbits.LC0 = 1;
   999   0007F4  808B               	bsf	139,0,c	;volatile
  1000                           
  1001                           ;main.c: 198:                 LATCbits.LC1 = 1;
  1002   0007F6  828B               	bsf	139,1,c	;volatile
  1003                           
  1004                           ;main.c: 199:                 LATCbits.LC2 = 0;
  1005   0007F8  948B               	bcf	139,2,c	;volatile
  1006                           
  1007                           ;main.c: 200:                 LATCbits.LC3 = 1;
  1008   0007FA  868B               	bsf	139,3,c	;volatile
  1009   0007FC                     
  1010                           ;main.c: 201:                 str[0] = '1';
  1011   0007FC  0E31               	movlw	49
  1012   0007FE  6E01               	movwf	_str^0,c
  1013                           
  1014                           ;main.c: 202:                 str[1] = '1';
  1015   000800  0E31               	movlw	49
  1016   000802  6E02               	movwf	(_str+1)^0,c
  1017   000804                     
  1018                           ;main.c: 203:                 UART_Write(str[0]);
  1019   000804  5001               	movf	_str^0,w,c
  1020   000806  ECE7  F004         	call	i2_UART_Write
  1021   00080A                     
  1022                           ;main.c: 204:                 UART_Write(str[1]);
  1023   00080A  5002               	movf	(_str+1)^0,w,c
  1024   00080C  ECE7  F004         	call	i2_UART_Write
  1025                           
  1026                           ;main.c: 205:             }
  1027   000810  EF72  F004         	goto	i2l1213
  1028   000814                     i2l1173:
  1029   000814  0E0C               	movlw	12
  1030   000816  1817               	xorwf	_state^0,w,c
  1031   000818  1018               	iorwf	(_state+1)^0,w,c
  1032   00081A  A4D8               	btfss	status,2,c
  1033   00081C  EF12  F004         	goto	i2u37_41
  1034   000820  EF14  F004         	goto	i2u37_40
  1035   000824                     i2u37_41:
  1036   000824  EF24  F004         	goto	i2l1183
  1037   000828                     i2u37_40:
  1038   000828                     
  1039                           ;main.c: 208:                 LATCbits.LC0 = 0;
  1040   000828  908B               	bcf	139,0,c	;volatile
  1041                           
  1042                           ;main.c: 209:                 LATCbits.LC1 = 0;
  1043   00082A  928B               	bcf	139,1,c	;volatile
  1044                           
  1045                           ;main.c: 210:                 LATCbits.LC2 = 1;
  1046   00082C  848B               	bsf	139,2,c	;volatile
  1047                           
  1048                           ;main.c: 211:                 LATCbits.LC3 = 1;
  1049   00082E  868B               	bsf	139,3,c	;volatile
  1050   000830                     
  1051                           ;main.c: 212:                 str[0] = '1';
  1052   000830  0E31               	movlw	49
  1053   000832  6E01               	movwf	_str^0,c
  1054                           
  1055                           ;main.c: 213:                 str[1] = '2';
  1056   000834  0E32               	movlw	50
  1057   000836  6E02               	movwf	(_str+1)^0,c
  1058   000838                     
  1059                           ;main.c: 214:                 UART_Write(str[0]);
  1060   000838  5001               	movf	_str^0,w,c
  1061   00083A  ECE7  F004         	call	i2_UART_Write
  1062   00083E                     
  1063                           ;main.c: 215:                 UART_Write(str[1]);
  1064   00083E  5002               	movf	(_str+1)^0,w,c
  1065   000840  ECE7  F004         	call	i2_UART_Write
  1066                           
  1067                           ;main.c: 216:             }
  1068   000844  EF72  F004         	goto	i2l1213
  1069   000848                     i2l1183:
  1070   000848  0E0D               	movlw	13
  1071   00084A  1817               	xorwf	_state^0,w,c
  1072   00084C  1018               	iorwf	(_state+1)^0,w,c
  1073   00084E  A4D8               	btfss	status,2,c
  1074   000850  EF2C  F004         	goto	i2u38_41
  1075   000854  EF2E  F004         	goto	i2u38_40
  1076   000858                     i2u38_41:
  1077   000858  EF3E  F004         	goto	i2l1193
  1078   00085C                     i2u38_40:
  1079   00085C                     
  1080                           ;main.c: 219:                 LATCbits.LC0 = 1;
  1081   00085C  808B               	bsf	139,0,c	;volatile
  1082                           
  1083                           ;main.c: 220:                 LATCbits.LC1 = 0;
  1084   00085E  928B               	bcf	139,1,c	;volatile
  1085                           
  1086                           ;main.c: 221:                 LATCbits.LC2 = 1;
  1087   000860  848B               	bsf	139,2,c	;volatile
  1088                           
  1089                           ;main.c: 222:                 LATCbits.LC3 = 1;
  1090   000862  868B               	bsf	139,3,c	;volatile
  1091   000864                     
  1092                           ;main.c: 223:                 str[0] = '1';
  1093   000864  0E31               	movlw	49
  1094   000866  6E01               	movwf	_str^0,c
  1095                           
  1096                           ;main.c: 224:                 str[1] = '3';
  1097   000868  0E33               	movlw	51
  1098   00086A  6E02               	movwf	(_str+1)^0,c
  1099   00086C                     
  1100                           ;main.c: 225:                 UART_Write(str[0]);
  1101   00086C  5001               	movf	_str^0,w,c
  1102   00086E  ECE7  F004         	call	i2_UART_Write
  1103   000872                     
  1104                           ;main.c: 226:                 UART_Write(str[1]);
  1105   000872  5002               	movf	(_str+1)^0,w,c
  1106   000874  ECE7  F004         	call	i2_UART_Write
  1107                           
  1108                           ;main.c: 227:             }
  1109   000878  EF72  F004         	goto	i2l1213
  1110   00087C                     i2l1193:
  1111   00087C  0E0E               	movlw	14
  1112   00087E  1817               	xorwf	_state^0,w,c
  1113   000880  1018               	iorwf	(_state+1)^0,w,c
  1114   000882  A4D8               	btfss	status,2,c
  1115   000884  EF46  F004         	goto	i2u39_41
  1116   000888  EF48  F004         	goto	i2u39_40
  1117   00088C                     i2u39_41:
  1118   00088C  EF58  F004         	goto	i2l1203
  1119   000890                     i2u39_40:
  1120   000890                     
  1121                           ;main.c: 230:                 LATCbits.LC0 = 0;
  1122   000890  908B               	bcf	139,0,c	;volatile
  1123                           
  1124                           ;main.c: 231:                 LATCbits.LC1 = 1;
  1125   000892  828B               	bsf	139,1,c	;volatile
  1126                           
  1127                           ;main.c: 232:                 LATCbits.LC2 = 1;
  1128   000894  848B               	bsf	139,2,c	;volatile
  1129                           
  1130                           ;main.c: 233:                 LATCbits.LC3 = 1;
  1131   000896  868B               	bsf	139,3,c	;volatile
  1132   000898                     
  1133                           ;main.c: 234:                 str[0] = '1';
  1134   000898  0E31               	movlw	49
  1135   00089A  6E01               	movwf	_str^0,c
  1136                           
  1137                           ;main.c: 235:                 str[1] = '4';
  1138   00089C  0E34               	movlw	52
  1139   00089E  6E02               	movwf	(_str+1)^0,c
  1140   0008A0                     
  1141                           ;main.c: 236:                 UART_Write(str[0]);
  1142   0008A0  5001               	movf	_str^0,w,c
  1143   0008A2  ECE7  F004         	call	i2_UART_Write
  1144   0008A6                     
  1145                           ;main.c: 237:                 UART_Write(str[1]);
  1146   0008A6  5002               	movf	(_str+1)^0,w,c
  1147   0008A8  ECE7  F004         	call	i2_UART_Write
  1148                           
  1149                           ;main.c: 238:             }
  1150   0008AC  EF72  F004         	goto	i2l1213
  1151   0008B0                     i2l1203:
  1152   0008B0  0E0F               	movlw	15
  1153   0008B2  1817               	xorwf	_state^0,w,c
  1154   0008B4  1018               	iorwf	(_state+1)^0,w,c
  1155   0008B6  A4D8               	btfss	status,2,c
  1156   0008B8  EF60  F004         	goto	i2u40_41
  1157   0008BC  EF62  F004         	goto	i2u40_40
  1158   0008C0                     i2u40_41:
  1159   0008C0  EF72  F004         	goto	i2l54
  1160   0008C4                     i2u40_40:
  1161   0008C4                     
  1162                           ;main.c: 241:                 LATCbits.LC0 = 1;
  1163   0008C4  808B               	bsf	139,0,c	;volatile
  1164                           
  1165                           ;main.c: 242:                 LATCbits.LC1 = 1;
  1166   0008C6  828B               	bsf	139,1,c	;volatile
  1167                           
  1168                           ;main.c: 243:                 LATCbits.LC2 = 1;
  1169   0008C8  848B               	bsf	139,2,c	;volatile
  1170                           
  1171                           ;main.c: 244:                 LATCbits.LC3 = 1;
  1172   0008CA  868B               	bsf	139,3,c	;volatile
  1173   0008CC                     
  1174                           ;main.c: 245:                 str[0] = '1';
  1175   0008CC  0E31               	movlw	49
  1176   0008CE  6E01               	movwf	_str^0,c
  1177                           
  1178                           ;main.c: 246:                 str[1] = '5';
  1179   0008D0  0E35               	movlw	53
  1180   0008D2  6E02               	movwf	(_str+1)^0,c
  1181   0008D4                     
  1182                           ;main.c: 247:                 UART_Write(str[0]);
  1183   0008D4  5001               	movf	_str^0,w,c
  1184   0008D6  ECE7  F004         	call	i2_UART_Write
  1185   0008DA                     
  1186                           ;main.c: 248:                 UART_Write(str[1]);
  1187   0008DA  5002               	movf	(_str+1)^0,w,c
  1188   0008DC  ECE7  F004         	call	i2_UART_Write
  1189   0008E0  EF72  F004         	goto	i2l1213
  1190   0008E4                     i2l54:
  1191   0008E4                     i2l1213:
  1192                           
  1193                           ;main.c: 250:         INTCONbits.INT0F = 0;
  1194   0008E4  92F2               	bcf	242,1,c	;volatile
  1195   0008E6                     i2l60:
  1196   0008E6  9233               	bcf	int$flags,1,c	;clear compiler interrupt flag (level 2)
  1197   0008E8  0011               	retfie		f
  1198   0008EA                     __end_of_H_ISR:
  1199                           	callstack 0
  1200                           
  1201 ;; *************** function i2_UART_Write *****************
  1202 ;; Defined at:
  1203 ;;		line 47 in file "setting_hardaware/uart.c"
  1204 ;; Parameters:    Size  Location     Type
  1205 ;;  data            1    wreg     unsigned char 
  1206 ;; Auto vars:     Size  Location     Type
  1207 ;;  data            1    0[COMRAM] unsigned char 
  1208 ;; Return value:  Size  Location     Type
  1209 ;;                  1    wreg      void 
  1210 ;; Registers used:
  1211 ;;		wreg
  1212 ;; Tracked objects:
  1213 ;;		On entry : 0/0
  1214 ;;		On exit  : 0/0
  1215 ;;		Unchanged: 0/0
  1216 ;; Data sizes:     COMRAM   BANK0   BANK1   BANK2   BANK3   BANK4   BANK5
  1217 ;;      Params:         0       0       0       0       0       0       0
  1218 ;;      Locals:         1       0       0       0       0       0       0
  1219 ;;      Temps:          0       0       0       0       0       0       0
  1220 ;;      Totals:         1       0       0       0       0       0       0
  1221 ;;Total ram usage:        1 bytes
  1222 ;; Hardware stack levels used: 1
  1223 ;; This function calls:
  1224 ;;		Nothing
  1225 ;; This function is called by:
  1226 ;;		_H_ISR
  1227 ;; This function uses a non-reentrant model
  1228 ;;
  1229                           
  1230                           	psect	text7
  1231   0009CE                     __ptext7:
  1232                           	callstack 0
  1233   0009CE                     i2_UART_Write:
  1234                           	callstack 27
  1235                           
  1236                           ;incstack = 0
  1237                           ;i2UART_Write@data stored from wreg
  1238   0009CE  6E2D               	movwf	i2UART_Write@data^0,c
  1239   0009D0                     i2l153:
  1240   0009D0  A2AC               	btfss	172,1,c	;volatile
  1241   0009D2  EFED  F004         	goto	i2u23_41
  1242   0009D6  EFEF  F004         	goto	i2u23_40
  1243   0009DA                     i2u23_41:
  1244   0009DA  EFE8  F004         	goto	i2l153
  1245   0009DE                     i2u23_40:
  1246   0009DE                     
  1247                           ;setting_hardaware/uart.c: 50:     TXREG = data;
  1248   0009DE  C02D  FFAD         	movff	i2UART_Write@data,4013	;volatile
  1249   0009E2  0012               	return		;funcret
  1250   0009E4                     __end_ofi2_UART_Write:
  1251                           	callstack 0
  1252                           
  1253                           	psect	smallconst
  1254   000600                     __psmallconst:
  1255                           	callstack 0
  1256   000600  00                 	db	0
  1257   000601  00                 	db	0	; dummy byte at the end
  1258   000000                     
  1259                           	psect	rparam
  1260   000000                     
  1261                           	psect	temp
  1262   000033                     btemp:
  1263                           	callstack 0
  1264   000033                     	ds	1
  1265   000000                     int$flags	set	btemp
  1266   000000                     wtemp8	set	btemp+1
  1267   000000                     ttemp5	set	btemp+1
  1268   000000                     ttemp6	set	btemp+4
  1269   000000                     ttemp7	set	btemp+8
  1270                           
  1271                           	psect	idloc
  1272                           
  1273                           ;Config register IDLOC0 @ 0x200000
  1274                           ;	unspecified, using default values
  1275   200000                     	org	2097152
  1276   200000  FF                 	db	255
  1277                           
  1278                           ;Config register IDLOC1 @ 0x200001
  1279                           ;	unspecified, using default values
  1280   200001                     	org	2097153
  1281   200001  FF                 	db	255
  1282                           
  1283                           ;Config register IDLOC2 @ 0x200002
  1284                           ;	unspecified, using default values
  1285   200002                     	org	2097154
  1286   200002  FF                 	db	255
  1287                           
  1288                           ;Config register IDLOC3 @ 0x200003
  1289                           ;	unspecified, using default values
  1290   200003                     	org	2097155
  1291   200003  FF                 	db	255
  1292                           
  1293                           ;Config register IDLOC4 @ 0x200004
  1294                           ;	unspecified, using default values
  1295   200004                     	org	2097156
  1296   200004  FF                 	db	255
  1297                           
  1298                           ;Config register IDLOC5 @ 0x200005
  1299                           ;	unspecified, using default values
  1300   200005                     	org	2097157
  1301   200005  FF                 	db	255
  1302                           
  1303                           ;Config register IDLOC6 @ 0x200006
  1304                           ;	unspecified, using default values
  1305   200006                     	org	2097158
  1306   200006  FF                 	db	255
  1307                           
  1308                           ;Config register IDLOC7 @ 0x200007
  1309                           ;	unspecified, using default values
  1310   200007                     	org	2097159
  1311   200007  FF                 	db	255
  1312                           
  1313                           	psect	config
  1314                           
  1315                           ; Padding undefined space
  1316   300000                     	org	3145728
  1317   300000  FF                 	db	255
  1318                           
  1319                           ;Config register CONFIG1H @ 0x300001
  1320                           ;	Oscillator Selection bits
  1321                           ;	OSC = INTIO67, Internal oscillator block, port function on RA6 and RA7
  1322                           ;	Fail-Safe Clock Monitor Enable bit
  1323                           ;	FCMEN = OFF, Fail-Safe Clock Monitor disabled
  1324                           ;	Internal/External Oscillator Switchover bit
  1325                           ;	IESO = ON, Oscillator Switchover mode enabled
  1326   300001                     	org	3145729
  1327   300001  88                 	db	136
  1328                           
  1329                           ;Config register CONFIG2L @ 0x300002
  1330                           ;	Power-up Timer Enable bit
  1331                           ;	PWRT = OFF, PWRT disabled
  1332                           ;	Brown-out Reset Enable bits
  1333                           ;	BOREN = SBORDIS, Brown-out Reset enabled in hardware only (SBOREN is disabled)
  1334                           ;	Brown Out Reset Voltage bits
  1335                           ;	BORV = 3, Minimum setting
  1336   300002                     	org	3145730
  1337   300002  1F                 	db	31
  1338                           
  1339                           ;Config register CONFIG2H @ 0x300003
  1340                           ;	Watchdog Timer Enable bit
  1341                           ;	WDT = OFF, WDT disabled (control is placed on the SWDTEN bit)
  1342                           ;	Watchdog Timer Postscale Select bits
  1343                           ;	WDTPS = 1, 1:1
  1344   300003                     	org	3145731
  1345   300003  00                 	db	0
  1346                           
  1347                           ; Padding undefined space
  1348   300004                     	org	3145732
  1349   300004  FF                 	db	255
  1350                           
  1351                           ;Config register CONFIG3H @ 0x300005
  1352                           ;	CCP2 MUX bit
  1353                           ;	CCP2MX = PORTC, CCP2 input/output is multiplexed with RC1
  1354                           ;	PORTB A/D Enable bit
  1355                           ;	PBADEN = ON, PORTB<4:0> pins are configured as analog input channels on Reset
  1356                           ;	Low-Power Timer1 Oscillator Enable bit
  1357                           ;	LPT1OSC = OFF, Timer1 configured for higher power operation
  1358                           ;	MCLR Pin Enable bit
  1359                           ;	MCLRE = ON, MCLR pin enabled; RE3 input pin disabled
  1360   300005                     	org	3145733
  1361   300005  83                 	db	131
  1362                           
  1363                           ;Config register CONFIG4L @ 0x300006
  1364                           ;	Stack Full/Underflow Reset Enable bit
  1365                           ;	STVREN = ON, Stack full/underflow will cause Reset
  1366                           ;	Single-Supply ICSP Enable bit
  1367                           ;	LVP = OFF, Single-Supply ICSP disabled
  1368                           ;	Extended Instruction Set Enable bit
  1369                           ;	XINST = OFF, Instruction set extension and Indexed Addressing mode disabled (Legacy mo
      +                          de)
  1370                           ;	Background Debugger Enable bit
  1371                           ;	DEBUG = 0x1, unprogrammed default
  1372   300006                     	org	3145734
  1373   300006  81                 	db	129
  1374                           
  1375                           ; Padding undefined space
  1376   300007                     	org	3145735
  1377   300007  FF                 	db	255
  1378                           
  1379                           ;Config register CONFIG5L @ 0x300008
  1380                           ;	Code Protection bit
  1381                           ;	CP0 = OFF, Block 0 (000800-001FFFh) not code-protected
  1382                           ;	Code Protection bit
  1383                           ;	CP1 = OFF, Block 1 (002000-003FFFh) not code-protected
  1384                           ;	Code Protection bit
  1385                           ;	CP2 = OFF, Block 2 (004000-005FFFh) not code-protected
  1386                           ;	Code Protection bit
  1387                           ;	CP3 = OFF, Block 3 (006000-007FFFh) not code-protected
  1388   300008                     	org	3145736
  1389   300008  0F                 	db	15
  1390                           
  1391                           ;Config register CONFIG5H @ 0x300009
  1392                           ;	Boot Block Code Protection bit
  1393                           ;	CPB = OFF, Boot block (000000-0007FFh) not code-protected
  1394                           ;	Data EEPROM Code Protection bit
  1395                           ;	CPD = OFF, Data EEPROM not code-protected
  1396   300009                     	org	3145737
  1397   300009  C0                 	db	192
  1398                           
  1399                           ;Config register CONFIG6L @ 0x30000A
  1400                           ;	Write Protection bit
  1401                           ;	WRT0 = OFF, Block 0 (000800-001FFFh) not write-protected
  1402                           ;	Write Protection bit
  1403                           ;	WRT1 = OFF, Block 1 (002000-003FFFh) not write-protected
  1404                           ;	Write Protection bit
  1405                           ;	WRT2 = OFF, Block 2 (004000-005FFFh) not write-protected
  1406                           ;	Write Protection bit
  1407                           ;	WRT3 = OFF, Block 3 (006000-007FFFh) not write-protected
  1408   30000A                     	org	3145738
  1409   30000A  0F                 	db	15
  1410                           
  1411                           ;Config register CONFIG6H @ 0x30000B
  1412                           ;	Configuration Register Write Protection bit
  1413                           ;	WRTC = OFF, Configuration registers (300000-3000FFh) not write-protected
  1414                           ;	Boot Block Write Protection bit
  1415                           ;	WRTB = OFF, Boot block (000000-0007FFh) not write-protected
  1416                           ;	Data EEPROM Write Protection bit
  1417                           ;	WRTD = OFF, Data EEPROM not write-protected
  1418   30000B                     	org	3145739
  1419   30000B  E0                 	db	224
  1420                           
  1421                           ;Config register CONFIG7L @ 0x30000C
  1422                           ;	Table Read Protection bit
  1423                           ;	EBTR0 = OFF, Block 0 (000800-001FFFh) not protected from table reads executed in other
      +                           blocks
  1424                           ;	Table Read Protection bit
  1425                           ;	EBTR1 = OFF, Block 1 (002000-003FFFh) not protected from table reads executed in other
      +                           blocks
  1426                           ;	Table Read Protection bit
  1427                           ;	EBTR2 = OFF, Block 2 (004000-005FFFh) not protected from table reads executed in other
      +                           blocks
  1428                           ;	Table Read Protection bit
  1429                           ;	EBTR3 = OFF, Block 3 (006000-007FFFh) not protected from table reads executed in other
      +                           blocks
  1430   30000C                     	org	3145740
  1431   30000C  0F                 	db	15
  1432                           
  1433                           ;Config register CONFIG7H @ 0x30000D
  1434                           ;	Boot Block Table Read Protection bit
  1435                           ;	EBTRB = OFF, Boot block (000000-0007FFh) not protected from table reads executed in ot
      +                          her blocks
  1436   30000D                     	org	3145741
  1437   30000D  40                 	db	64
  1438                           tosu	equ	0xFFF
  1439                           tosh	equ	0xFFE
  1440                           tosl	equ	0xFFD
  1441                           stkptr	equ	0xFFC
  1442                           pclatu	equ	0xFFB
  1443                           pclath	equ	0xFFA
  1444                           pcl	equ	0xFF9
  1445                           tblptru	equ	0xFF8
  1446                           tblptrh	equ	0xFF7
  1447                           tblptrl	equ	0xFF6
  1448                           tablat	equ	0xFF5
  1449                           prodh	equ	0xFF4
  1450                           prodl	equ	0xFF3
  1451                           indf0	equ	0xFEF
  1452                           postinc0	equ	0xFEE
  1453                           postdec0	equ	0xFED
  1454                           preinc0	equ	0xFEC
  1455                           plusw0	equ	0xFEB
  1456                           fsr0h	equ	0xFEA
  1457                           fsr0l	equ	0xFE9
  1458                           wreg	equ	0xFE8
  1459                           indf1	equ	0xFE7
  1460                           postinc1	equ	0xFE6
  1461                           postdec1	equ	0xFE5
  1462                           preinc1	equ	0xFE4
  1463                           plusw1	equ	0xFE3
  1464                           fsr1h	equ	0xFE2
  1465                           fsr1l	equ	0xFE1
  1466                           bsr	equ	0xFE0
  1467                           indf2	equ	0xFDF
  1468                           postinc2	equ	0xFDE
  1469                           postdec2	equ	0xFDD
  1470                           preinc2	equ	0xFDC
  1471                           plusw2	equ	0xFDB
  1472                           fsr2h	equ	0xFDA
  1473                           fsr2l	equ	0xFD9
  1474                           status	equ	0xFD8

Data Sizes:
    Strings     0
    Constant    0
    Data        0
    BSS         44
    Persistent  0
    Stack       0

Auto Spaces:
    Space          Size  Autos    Used
    COMRAM          126      6      50
    BANK0           128      0       0
    BANK1           256      0       0
    BANK2           256      0       0
    BANK3           256      0       0
    BANK4           256      0       0
    BANK5           244      0       0

Pointer List with Targets:

    sp__GetString	PTR unsigned char  size(1) Largest target is 20
		 -> mystring(COMRAM[20]), 


Critical Paths under _main in COMRAM

    _SYSTEM_Initialize->_UART_Initialize

Critical Paths under _H_ISR in COMRAM

    _H_ISR->i2_UART_Write

Critical Paths under _main in BANK0

    None.

Critical Paths under _H_ISR in BANK0

    None.

Critical Paths under _main in BANK1

    None.

Critical Paths under _H_ISR in BANK1

    None.

Critical Paths under _main in BANK2

    None.

Critical Paths under _H_ISR in BANK2

    None.

Critical Paths under _main in BANK3

    None.

Critical Paths under _H_ISR in BANK3

    None.

Critical Paths under _main in BANK4

    None.

Critical Paths under _H_ISR in BANK4

    None.

Critical Paths under _main in BANK5

    None.

Critical Paths under _H_ISR in BANK5

    None.

Call Graph Tables:

 ---------------------------------------------------------------------------------
 (Depth) Function   	        Calls       Base Space   Used Autos Params    Refs
 ---------------------------------------------------------------------------------
 (0) _main                                                 3     3      0      75
                                              3 COMRAM     3     3      0
                  _SYSTEM_Initialize
                         _UART_Write
 ---------------------------------------------------------------------------------
 (1) _UART_Write                                           1     1      0      15
                                              1 COMRAM     1     1      0
 ---------------------------------------------------------------------------------
 (1) _SYSTEM_Initialize                                    0     0      0      45
               _INTERRUPT_Initialize
              _OSCILLATOR_Initialize
                    _UART_Initialize
 ---------------------------------------------------------------------------------
 (2) _UART_Initialize                                      2     2      0      45
                                              1 COMRAM     2     2      0
 ---------------------------------------------------------------------------------
 (2) _OSCILLATOR_Initialize                                0     0      0       0
 ---------------------------------------------------------------------------------
 (2) _INTERRUPT_Initialize                                 0     0      0       0
 ---------------------------------------------------------------------------------
 Estimated maximum stack depth 2
 ---------------------------------------------------------------------------------
 (Depth) Function   	        Calls       Base Space   Used Autos Params    Refs
 ---------------------------------------------------------------------------------
 (3) _H_ISR                                                0     0      0      22
                       i2_UART_Write
 ---------------------------------------------------------------------------------
 (4) i2_UART_Write                                         1     1      0      22
                                              0 COMRAM     1     1      0
 ---------------------------------------------------------------------------------
 Estimated maximum stack depth 4
 ---------------------------------------------------------------------------------

 Call Graph Graphs:

 _main (ROOT)
   _SYSTEM_Initialize
     _INTERRUPT_Initialize
     _OSCILLATOR_Initialize
     _UART_Initialize
   _UART_Write

 _H_ISR (ROOT)
   i2_UART_Write

 Address spaces:
Name               Size   Autos  Total    Cost      Usage
BIGRAM             5F3      0       0      33        0.0%
EEDATA             100      0       0       0        0.0%
BITBANK4           100      0       0      11        0.0%
BANK4              100      0       0      12        0.0%
BITBANK3           100      0       0       9        0.0%
BANK3              100      0       0      10        0.0%
BITBANK2           100      0       0       7        0.0%
BANK2              100      0       0       8        0.0%
BITBANK1           100      0       0       5        0.0%
BANK1              100      0       0       6        0.0%
BITBANK5            F4      0       0      13        0.0%
BANK5               F4      0       0      14        0.0%
BITBANK0            80      0       0       3        0.0%
BANK0               80      0       0       4        0.0%
BITCOMRAM           7E      0       0       0        0.0%
COMRAM              7E      6      32       1       39.7%
BITBIGSFR_1llhl      B      0       0      26        0.0%
BITBIGSFR_1hhl       B      0       0      21        0.0%
BITBIGSFR_5h         A      0       0      15        0.0%
BITBIGSFRlh          9      0       0      30        0.0%
BITBIGSFR_1llhh      8      0       0      24        0.0%
BITBIGSFRhhh         7      0       0      28        0.0%
BITBIGSFRhl          6      0       0      29        0.0%
BITBIGSFR_2          6      0       0      19        0.0%
BITBIGSFR_1llhh      4      0       0      23        0.0%
BITBIGSFR_4          3      0       0      17        0.0%
BITBIGSFR_3          3      0       0      18        0.0%
BITBIGSFR_1hhh       2      0       0      20        0.0%
BITBIGSFR_1lh        2      0       0      22        0.0%
BITBIGSFR_5l         2      0       0      16        0.0%
BITBIGSFR_1llhh      1      0       0      25        0.0%
BITBIGSFR_1lll       1      0       0      27        0.0%
BITBIGSFRll          1      0       0      31        0.0%
BIGSFR_5             0      0       0     200        0.0%
BIGSFR_4             0      0       0     200        0.0%
BIGSFR_3             0      0       0     200        0.0%
BIGSFR_2             0      0       0     200        0.0%
BIGSFR_1             0      0       0     200        0.0%
BIGSFR               0      0       0     200        0.0%
BITSFR_5             0      0       0     200        0.0%
SFR_5                0      0       0     200        0.0%
BITSFR_4             0      0       0     200        0.0%
SFR_4                0      0       0     200        0.0%
BITSFR_3             0      0       0     200        0.0%
SFR_3                0      0       0     200        0.0%
BITSFR_2             0      0       0     200        0.0%
SFR_2                0      0       0     200        0.0%
BITSFR_1             0      0       0     200        0.0%
SFR_1                0      0       0     200        0.0%
BITSFR               0      0       0     200        0.0%
SFR                  0      0       0     200        0.0%
STACK                0      0       0       2        0.0%
NULL                 0      0       0       0        0.0%
ABS                  0      0      32      32        0.0%
DATA                 0      0      32      34        0.0%
CODE                 0      0       0       0        0.0%


Microchip Technology PIC18 Macro Assembler V2.45 build 20230818022343 
Symbol Table                                                                                   Thu Dec 21 17:11:21 2023

                           u10 0930                             u11 092C                             u20 09C8  
                           u21 09C4                             u40 0954                             u41 0950  
                          l101 09EC                            l150 0934                            l126 09A0  
                          l129 09F4                            l153 09BA                            l156 09CC  
                          l841 08F4                            l835 09E4                            l843 08F8  
                          l837 09EE                            l853 0906                            l845 08FA  
                          l861 097E                            l855 0910                            l847 08FC  
                          l839 08EA                            l871 098E                            l863 0982  
                          l857 0914                            l873 0994                            l865 0984  
                          l881 09C8                            l859 0930                            l875 0998  
                          l867 0986                            l891 0942                            l877 099C  
                          l869 0988                            l893 0954                            l879 09BA  
                          l895 0958                            l887 0936                            l897 0968  
                          l889 093A                            l899 096E                            u417 095E  
                          _str 0001                            wreg 0FE8                           _ADFM 7E07  
                         _LATC 0F8B                           i2l60 08E6                           i2l54 08E4  
                         _main 0936                           fsr2h 0FDA                           indf2 0FDF  
                         fsr2l 0FD9                           btemp 0033                           start 000E  
                 ___param_bank 0000               ?_UART_Initialize 002D  __end_of_OSCILLATOR_Initialize 09F6  
                        ?_main 002D                          _IRCF0 7E9C                          _IRCF1 7E9D  
                        _IRCF2 7E9E                          i2l153 09D0                          i2l156 09E2  
                        _H_ISR 0008                          _SPBRG 0FAF                          _PORTB 0F81  
                        _TRISA 0F92                          _TXREG 0FAD                    ?_UART_Write 002D  
                        _state 0017                          ttemp5 0034                          ttemp6 0037  
                        ttemp7 003B                          status 0FD8                          wtemp8 0034  
              __initialization 09A2                   __end_of_main 097E                         ??_main 0030  
                __activetblptr 0000                         ?_H_ISR 002D                         _ADCON1 0FC1  
                       _ADRESH 0FC4                         _ADRESL 0FC3                         i2l1101 06A2  
                       i2l1111 06D0                         i2l1103 06A6                         i2l1201 08A6  
                       i2l1121 0704                         i2l1113 06DA                         i2l1105 06B0  
                       i2l1211 08DA                         i2l1203 08B0                         i2l1131 0742  
                       i2l1123 0718                         i2l1115 06EE                         i2l1107 06C4  
                       i2l1205 08C4                         i2l1141 0774                         i2l1133 074A  
                       i2l1125 0720                         i2l1117 06F6                         i2l1109 06CC  
                       i2l1213 08E4                         i2l1071 09DE                         i2l1207 08CC  
                       i2l1151 07A2                         i2l1143 0778                         i2l1135 074E  
                       i2l1127 0724                         i2l1119 06FA                         i2l1209 08D4  
                       i2l1161 07D6                         i2l1153 07AC                         i2l1145 0782  
                       i2l1137 0758                         i2l1129 072E                         i2l1081 0634  
                       i2l1073 0604                         i2l1171 080A                         i2l1155 07C0  
                       i2l1163 07E0                         i2l1147 0796                         i2l1139 076C  
                       i2l1091 0670                         i2l1083 0646                         i2l1075 0612  
                       i2l1069 09D0                         i2l1181 083E                         i2l1165 07F4  
                       i2l1173 0814                         i2l1157 07C8                         i2l1149 079E  
                       i2l1093 0678                         i2l1085 064E                         i2l1077 0616  
                       i2l1191 0872                         i2l1175 0828                         i2l1183 0848  
                       i2l1167 07FC                         i2l1159 07D0                         i2l1095 067C  
                       i2l1087 0652                         i2l1079 0628                         i2l1185 085C  
                       i2l1193 087C                         i2l1177 0830                         i2l1169 0804  
                       i2l1097 0686                         i2l1089 065C                         i2l1195 0890  
                       i2l1187 0864                         i2l1179 0838                         i2l1099 069A  
                       i2l1197 0898                         i2l1189 086C                         i2l1199 08A0  
                       _lenStr 0015                         clear_0 09A8                         isa$std 0001  
                 __mediumconst 0000              _SYSTEM_Initialize 097E                     __accesstop 0080  
      __end_of__initialization 09AE             ?_SYSTEM_Initialize 002D                  ___rparam_used 0001  
                __end_of_H_ISR 08EA                 __pcstackCOMRAM 002D            ??_SYSTEM_Initialize 0030  
                      ??_H_ISR 002E                  ?i2_UART_Write 002D      __end_of_SYSTEM_Initialize 09A2  
             i2UART_Write@data 002D                        _CCP1CON 0FBD                 ??i2_UART_Write 002D  
                 ??_UART_Write 002E                        i2u30_40 06EE                        i2u30_41 06EA  
                      i2u23_40 09DE                        i2u31_40 0718                        i2u23_41 09DA  
                      i2u31_41 0714                        i2u40_40 08C4                        i2u32_40 0742  
                      i2u24_40 0612                        i2u40_41 08C0                        i2u32_41 073E  
                      i2u24_41 060E                        i2u33_40 076C                        i2u25_40 0628  
                      i2u33_41 0768                        i2u25_41 0624                        i2u34_40 0796  
                      i2u26_40 0646                        i2u34_41 0792                        i2u26_41 0642  
                      i2u35_40 07C0                        i2u27_40 0670                        i2u35_41 07BC  
                      i2u27_41 066C                        i2u36_40 07F4                        i2u28_40 069A  
                      i2u36_41 07F0                        i2u28_41 0696                        i2u37_40 0828  
                      i2u29_40 06C4                        i2u37_41 0824                        i2u29_41 06C0  
                      i2u38_40 085C                        i2u38_41 0858                        i2u39_40 0890  
                      i2u39_41 088C                        __Hparam 0000                        __Lparam 0000  
           __end_of_UART_Write 09CE                   __psmallconst 0600                        __pcinit 09A2  
                      __ramtop 0600                        __ptext0 0936                        __ptext1 09B8  
                      __ptext2 097E                        __ptext3 08EA                        __ptext4 09EE  
                      __ptext5 09E4                        __ptext7 09CE          _OSCILLATOR_Initialize 09EE  
               __pintcode_body 0602           end_of_initialization 09AE                        int_func 0602  
               main@print_once 0031               UART_Initialize@i 002E                      _RCSTAbits 0FAB  
                      postinc0 0FEE                 UART_Write@data 002E                      _TRISBbits 0F93  
                    _TRISCbits 0F94                      _TXSTAbits 0FAC           __end_ofi2_UART_Write 09E4  
 __end_of_INTERRUPT_Initialize 09EE                    _BAUDCONbits 0FB8         ?_OSCILLATOR_Initialize 002D  
          start_initialization 09A2              ??_UART_Initialize 002E                    __pbssCOMRAM 0001  
                    __pintcode 0008                    __smallconst 0600           _INTERRUPT_Initialize 09E4  
                     _LATCbits 0F8B                       _IPR1bits 0F9F                       _PIR1bits 0F9E  
                     _RCONbits 0FD0                     _ADCON0bits 0FC2                     _ADCON2bits 0FC0  
                 i2_UART_Write 09CE          ?_INTERRUPT_Initialize 002D                       __Hrparam 0000  
                     __Lrparam 0000        ??_OSCILLATOR_Initialize 002E                _UART_Initialize 08EA  
                     isa$xinst 0000                       int$flags 0033                       _mystring 0019  
                   _INTCONbits 0FF2         ??_INTERRUPT_Initialize 002E                       intlevel2 0000  
      __end_of_UART_Initialize 0936                     _UART_Write 09B8  
