Warning[205] C:\USERS\USER\MPLABXPROJECTS\LAB6_BONUS.X\BONUS.ASM 1 : Found directive in column 1. (LIST)
Warning[207] C:\USERS\USER\MPLABXPROJECTS\LAB6_BONUS.X\BONUS.ASM 7 : Found label after column 1. (L1)
Warning[207] C:\USERS\USER\MPLABXPROJECTS\LAB6_BONUS.X\BONUS.ASM 8 : Found label after column 1. (L2)
Warning[205] C:\USERS\USER\MPLABXPROJECTS\LAB6_BONUS.X\BONUS.ASM 33 : Found directive in column 1. (endm)
Warning[203] C:\USERS\USER\MPLABXPROJECTS\LAB6_BONUS.X\BONUS.ASM 39 : Found opcode in column 1. (MOVLW)
Warning[203] C:\USERS\USER\MPLABXPROJECTS\LAB6_BONUS.X\BONUS.ASM 40 : Found opcode in column 1. (MOVWF)
Warning[203] C:\USERS\USER\MPLABXPROJECTS\LAB6_BONUS.X\BONUS.ASM 41 : Found opcode in column 1. (CLRF)
Warning[203] C:\USERS\USER\MPLABXPROJECTS\LAB6_BONUS.X\BONUS.ASM 42 : Found opcode in column 1. (BSF)
Warning[203] C:\USERS\USER\MPLABXPROJECTS\LAB6_BONUS.X\BONUS.ASM 43 : Found opcode in column 1. (CLRF)
Warning[203] C:\USERS\USER\MPLABXPROJECTS\LAB6_BONUS.X\BONUS.ASM 44 : Found opcode in column 1. (BCF)
Warning[203] C:\USERS\USER\MPLABXPROJECTS\LAB6_BONUS.X\BONUS.ASM 45 : Found opcode in column 1. (BCF)
Warning[203] C:\USERS\USER\MPLABXPROJECTS\LAB6_BONUS.X\BONUS.ASM 46 : Found opcode in column 1. (BCF)
Warning[203] C:\USERS\USER\MPLABXPROJECTS\LAB6_BONUS.X\BONUS.ASM 47 : Found opcode in column 1. (BCF)
Warning[207] C:\USERS\USER\MPLABXPROJECTS\LAB6_BONUS.X\BONUS.ASM 19 : Found label after column 1. (LOOP2)
Warning[207] C:\USERS\USER\MPLABXPROJECTS\LAB6_BONUS.X\BONUS.ASM 22 : Found label after column 1. (LOOP1)
Warning[203] C:\USERS\USER\MPLABXPROJECTS\LAB6_BONUS.X\BONUS.ASM 56 : Found opcode in column 1. (MOVLW)
Warning[203] C:\USERS\USER\MPLABXPROJECTS\LAB6_BONUS.X\BONUS.ASM 57 : Found opcode in column 1. (MOVWF)
Warning[203] C:\USERS\USER\MPLABXPROJECTS\LAB6_BONUS.X\BONUS.ASM 58 : Found opcode in column 1. (MOVWF)
Warning[207] C:\USERS\USER\MPLABXPROJECTS\LAB6_BONUS.X\BONUS.ASM 65 : Found label after column 1. (firstloop)
Warning[207] C:\USERS\USER\MPLABXPROJECTS\LAB6_BONUS.X\BONUS.ASM 19 : Found label after column 1. (LOOP2)
Warning[207] C:\USERS\USER\MPLABXPROJECTS\LAB6_BONUS.X\BONUS.ASM 22 : Found label after column 1. (LOOP1)
Warning[207] C:\USERS\USER\MPLABXPROJECTS\LAB6_BONUS.X\BONUS.ASM 80 : Found label after column 1. (light1)
Warning[207] C:\USERS\USER\MPLABXPROJECTS\LAB6_BONUS.X\BONUS.ASM 19 : Found label after column 1. (LOOP2)
Warning[207] C:\USERS\USER\MPLABXPROJECTS\LAB6_BONUS.X\BONUS.ASM 22 : Found label after column 1. (LOOP1)
Warning[207] C:\USERS\USER\MPLABXPROJECTS\LAB6_BONUS.X\BONUS.ASM 88 : Found label after column 1. (first_cont)
Warning[207] C:\USERS\USER\MPLABXPROJECTS\LAB6_BONUS.X\BONUS.ASM 19 : Found label after column 1. (LOOP2)
Warning[207] C:\USERS\USER\MPLABXPROJECTS\LAB6_BONUS.X\BONUS.ASM 22 : Found label after column 1. (LOOP1)
Warning[207] C:\USERS\USER\MPLABXPROJECTS\LAB6_BONUS.X\BONUS.ASM 19 : Found label after column 1. (LOOP2)
Warning[207] C:\USERS\USER\MPLABXPROJECTS\LAB6_BONUS.X\BONUS.ASM 22 : Found label after column 1. (LOOP1)
Warning[207] C:\USERS\USER\MPLABXPROJECTS\LAB6_BONUS.X\BONUS.ASM 19 : Found label after column 1. (LOOP2)
Warning[207] C:\USERS\USER\MPLABXPROJECTS\LAB6_BONUS.X\BONUS.ASM 22 : Found label after column 1. (LOOP1)
Warning[207] C:\USERS\USER\MPLABXPROJECTS\LAB6_BONUS.X\BONUS.ASM 19 : Found label after column 1. (LOOP2)
Warning[207] C:\USERS\USER\MPLABXPROJECTS\LAB6_BONUS.X\BONUS.ASM 22 : Found label after column 1. (LOOP1)
Warning[207] C:\USERS\USER\MPLABXPROJECTS\LAB6_BONUS.X\BONUS.ASM 122 : Found label after column 1. (secondloop)
Warning[207] C:\USERS\USER\MPLABXPROJECTS\LAB6_BONUS.X\BONUS.ASM 19 : Found label after column 1. (LOOP2)
Warning[207] C:\USERS\USER\MPLABXPROJECTS\LAB6_BONUS.X\BONUS.ASM 22 : Found label after column 1. (LOOP1)
Warning[207] C:\USERS\USER\MPLABXPROJECTS\LAB6_BONUS.X\BONUS.ASM 137 : Found label after column 1. (light1_state2)
Warning[207] C:\USERS\USER\MPLABXPROJECTS\LAB6_BONUS.X\BONUS.ASM 19 : Found label after column 1. (LOOP2)
Warning[207] C:\USERS\USER\MPLABXPROJECTS\LAB6_BONUS.X\BONUS.ASM 22 : Found label after column 1. (LOOP1)
Warning[207] C:\USERS\USER\MPLABXPROJECTS\LAB6_BONUS.X\BONUS.ASM 145 : Found label after column 1. (first_cont1)
Warning[207] C:\USERS\USER\MPLABXPROJECTS\LAB6_BONUS.X\BONUS.ASM 19 : Found label after column 1. (LOOP2)
Warning[207] C:\USERS\USER\MPLABXPROJECTS\LAB6_BONUS.X\BONUS.ASM 22 : Found label after column 1. (LOOP1)
Warning[207] C:\USERS\USER\MPLABXPROJECTS\LAB6_BONUS.X\BONUS.ASM 19 : Found label after column 1. (LOOP2)
Warning[207] C:\USERS\USER\MPLABXPROJECTS\LAB6_BONUS.X\BONUS.ASM 22 : Found label after column 1. (LOOP1)
Warning[207] C:\USERS\USER\MPLABXPROJECTS\LAB6_BONUS.X\BONUS.ASM 19 : Found label after column 1. (LOOP2)
Warning[207] C:\USERS\USER\MPLABXPROJECTS\LAB6_BONUS.X\BONUS.ASM 22 : Found label after column 1. (LOOP1)
Warning[207] C:\USERS\USER\MPLABXPROJECTS\LAB6_BONUS.X\BONUS.ASM 19 : Found label after column 1. (LOOP2)
Warning[207] C:\USERS\USER\MPLABXPROJECTS\LAB6_BONUS.X\BONUS.ASM 22 : Found label after column 1. (LOOP1)
Warning[207] C:\USERS\USER\MPLABXPROJECTS\LAB6_BONUS.X\BONUS.ASM 19 : Found label after column 1. (LOOP2)
Warning[207] C:\USERS\USER\MPLABXPROJECTS\LAB6_BONUS.X\BONUS.ASM 22 : Found label after column 1. (LOOP1)
Warning[205] C:\USERS\USER\MPLABXPROJECTS\LAB6_BONUS.X\BONUS.ASM 185 : Found directive in column 1. (end)
